#
# A fatal error has been detected by the Java Runtime Environment:
#
#  EXCEPTION_ACCESS_VIOLATION (0xc0000005) at pc=0x00007ff9b2d666f0, pid=3092, tid=28968
#
# JRE version: Java(TM) SE Runtime Environment (13.0.2+8) (build 13.0.2+8)
# Java VM: Java HotSpot(TM) 64-Bit Server VM (13.0.2+8, mixed mode, sharing, tiered, compressed oops, g1 gc, windows-amd64)
# Problematic frame:
# C  [glass.dll+0x266f0]
#
# No core dump will be written. Minidumps are not enabled by default on client versions of Windows
#
# If you would like to submit a bug report, please visit:
#   http://bugreport.java.com/bugreport/crash.jsp
#

---------------  S U M M A R Y ------------

Command Line: --module-path=C:\Program Files\JetBrains\javafx-sdk-13.0.2\lib --add-modules=javafx.controls,javafx.fxml --add-modules=javafx.base,javafx.graphics --add-reads=javafx.base=ALL-UNNAMED --add-reads=javafx.graphics=ALL-UNNAMED -javaagent:C:\Program Files\JetBrains\IntelliJ IDEA Community Edition 2019.3.2\lib\idea_rt.jar=60097:C:\Program Files\JetBrains\IntelliJ IDEA Community Edition 2019.3.2\bin -Dfile.encoding=UTF-8 sample.Main

Host: Intel(R) Core(TM) i7-7700HQ CPU @ 2.80GHz, 8 cores, 15G,  Windows 10 , 64 bit Build 18362 (10.0.18362.329)
Time: Fri Mar 27 03:03:14 2020 Egypt Standard Time elapsed time: 69 seconds (0d 0h 1m 9s)

---------------  T H R E A D  ---------------

Current thread (0x0000027bf5813800):  VMThread "VM Thread" [stack: 0x000000d710000000,0x000000d710100000] [id=28968]

Stack: [0x000000d710000000,0x000000d710100000],  sp=0x000000d7100ff1c0,  free space=1020k
Native frames: (J=compiled Java code, j=interpreted, Vv=VM code, C=native code)
C  [glass.dll+0x266f0]


siginfo: EXCEPTION_ACCESS_VIOLATION (0xc0000005), reading address 0x0000000000000000


Register to memory mapping:

RIP=0x00007ff9b2d666f0 glass.dll
RAX=0x0 is NULL
RBX=0x0000027bf5828068 is a global jni handle
RCX=0x0000027bf5813800 points into unknown readable memory: a0 68 6d 5c f9 7f 00 00
RDX=0x000000d7100ff1c0 points into unknown readable memory: 00 00 00 00 00 00 00 00
RSP=0x000000d7100ff1c0 points into unknown readable memory: 00 00 00 00 00 00 00 00
RBP=0x0000027bf72cf7a8 points into unknown readable memory: 74 da 74 60 1d 91 00 00
RSI=0x0000027bf72cf780 points into unknown readable memory: 17 f7 ef 9f 1a 91 c0 66
RDI=0x0000911d6074da74 is an unknown value
R8 =0x0000000000010002 is an unknown value
R9 =0x0000911d6074da74 is an unknown value
R10=0x0000000000008000 is an unknown value
R11=0x000000d7100ff160 points into unknown readable memory: 80 f7 2c f7 7b 02 00 00
R12=0x00007ff9b2d63b84 glass.dll
R13=0x0000027bf5812508 points into unknown readable memory: 00 38 81 f5 7b 02 00 00
R14=0x000000d7100ff2c8 points into unknown readable memory: b0 f2 0f 10 d7 00 00 00
R15=0x0000027bf72cf780 points into unknown readable memory: 17 f7 ef 9f 1a 91 c0 66


Registers:
RAX=0x0000000000000000, RBX=0x0000027bf5828068, RCX=0x0000027bf5813800, RDX=0x000000d7100ff1c0
RSP=0x000000d7100ff1c0, RBP=0x0000027bf72cf7a8, RSI=0x0000027bf72cf780, RDI=0x0000911d6074da74
R8 =0x0000000000010002, R9 =0x0000911d6074da74, R10=0x0000000000008000, R11=0x000000d7100ff160
R12=0x00007ff9b2d63b84, R13=0x0000027bf5812508, R14=0x000000d7100ff2c8, R15=0x0000027bf72cf780
RIP=0x00007ff9b2d666f0, EFLAGS=0x0000000000010206

Top of Stack: (sp=0x000000d7100ff1c0)
0x000000d7100ff1c0:   0000000000000000 00007ff9f8bb14cb
0x000000d7100ff1d0:   0000027bf72cf790 0000027bf72cf780
0x000000d7100ff1e0:   fffffffffffffffe 00007ff9b2d7a1a0
0x000000d7100ff1f0:   0000027bf72cf788 00007ff9f8bb9d06
0x000000d7100ff200:   0000027bf72cf790 0000027b00000000
0x000000d7100ff210:   0000000000000000 00007ff9f8bb9f46
0x000000d7100ff220:   fffffffffffffffe 0000000000000000
0x000000d7100ff230:   0000000000000001 00007ff9b2d40000
0x000000d7100ff240:   000000d7100ff2b8 00007ff9f8bb9c2b
0x000000d7100ff250:   0000000000000000 000000d7100ff2c8
0x000000d7100ff260:   000000d7100ff580 00007ff9f8c8bc20
0x000000d7100ff270:   0000000000000000 00007ff9f8bb9be4
0x000000d7100ff280:   0000000000000000 0000000000000001
0x000000d7100ff290:   0000000000000001 000000d7100ff2b8
0x000000d7100ff2a0:   0000000000000000 00007ff9b2d63a12
0x000000d7100ff2b0:   00007ff9b2d7d118 0000000000000002 

Instructions: (pc=0x00007ff9b2d666f0)
0x00007ff9b2d665f0:   8b 4d 60 e8 98 c9 ff ff 48 8b 55 68 48 8b 8d 08
0x00007ff9b2d66600:   01 00 00 e8 49 be ff ff 33 d2 33 c9 e8 49 de ff
0x00007ff9b2d66610:   ff 90 cc cc cc cc cc cc cc cc cc cc cc cc cc cc
0x00007ff9b2d66620:   48 8d 8a 80 00 00 00 e9 14 e9 fe ff 48 89 54 24
0x00007ff9b2d66630:   10 55 48 83 ec 20 48 8b ea 48 8d 05 dd ca ff ff
0x00007ff9b2d66640:   48 83 c4 20 5d c3 cc 40 55 48 8b ea 48 8b 01 33
0x00007ff9b2d66650:   c9 81 38 05 00 00 c0 0f 94 c1 8b c1 5d c3 cc 40
0x00007ff9b2d66660:   55 48 83 ec 20 48 8b ea 8a 4d 40 48 83 c4 20 5d
0x00007ff9b2d66670:   e9 df cd ff ff cc 40 55 48 83 ec 20 48 8b ea e8
0x00007ff9b2d66680:   fc cb ff ff 8a 4d 38 48 83 c4 20 5d e9 c3 cd ff
0x00007ff9b2d66690:   ff cc 40 55 48 83 ec 30 48 8b ea 48 8b 01 8b 10
0x00007ff9b2d666a0:   48 89 4c 24 28 89 54 24 20 4c 8d 0d a4 d1 ff ff
0x00007ff9b2d666b0:   4c 8b 45 70 8b 55 68 48 8b 4d 60 e8 30 cb ff ff
0x00007ff9b2d666c0:   90 48 83 c4 30 5d c3 cc cc cc cc cc cc cc cc cc
0x00007ff9b2d666d0:   40 53 48 83 ec 30 48 c7 44 24 20 fe ff ff ff 48
0x00007ff9b2d666e0:   8b 1d 2a 64 01 00 48 85 db 74 16 e8 90 85 ff ff
0x00007ff9b2d666f0:   4c 8b 00 48 8b d3 48 8b c8 41 ff 90 b0 00 00 00
0x00007ff9b2d66700:   90 48 83 c4 30 5b c3 cc cc cc cc cc cc cc cc cc
0x00007ff9b2d66710:   40 53 48 83 ec 20 48 8b 1d 9b 65 01 00 48 85 db
0x00007ff9b2d66720:   74 57 b8 ff ff ff ff f0 0f c1 43 10 83 f8 01 75
0x00007ff9b2d66730:   3d 48 85 db 74 38 48 8b 0b 48 85 c9 74 0d ff 15
0x00007ff9b2d66740:   64 0b 00 00 48 c7 03 00 00 00 00 48 8b 4b 08 48
0x00007ff9b2d66750:   85 c9 74 0d e8 37 c8 ff ff 48 c7 43 08 00 00 00
0x00007ff9b2d66760:   00 ba 18 00 00 00 48 8b cb e8 22 c8 ff ff 48 c7
0x00007ff9b2d66770:   05 3f 65 01 00 00 00 00 00 48 83 c4 20 5b c3 cc
0x00007ff9b2d66780:   40 53 48 83 ec 20 48 8b 1d 0b 65 01 00 48 85 db
0x00007ff9b2d66790:   74 57 b8 ff ff ff ff f0 0f c1 43 10 83 f8 01 75
0x00007ff9b2d667a0:   3d 48 85 db 74 38 48 8b 0b 48 85 c9 74 0d ff 15
0x00007ff9b2d667b0:   f4 0a 00 00 48 c7 03 00 00 00 00 48 8b 4b 08 48
0x00007ff9b2d667c0:   85 c9 74 0d e8 c7 c7 ff ff 48 c7 43 08 00 00 00
0x00007ff9b2d667d0:   00 ba 18 00 00 00 48 8b cb e8 b2 c7 ff ff 48 c7
0x00007ff9b2d667e0:   05 af 64 01 00 00 00 00 00 48 83 c4 20 5b c3 cc 


Stack slot to memory mapping:
stack at sp + 0 slots: 0x0 is NULL
stack at sp + 1 slots: 0x00007ff9f8bb14cb ucrtbase.dll
stack at sp + 2 slots: 0x0000027bf72cf790 points into unknown readable memory: 74 da 74 60 1d 91 00 00
stack at sp + 3 slots: 0x0000027bf72cf780 points into unknown readable memory: 17 f7 ef 9f 1a 91 c0 66
stack at sp + 4 slots: 0xfffffffffffffffe is an unknown value
stack at sp + 5 slots: 0x00007ff9b2d7a1a0 glass.dll
stack at sp + 6 slots: 0x0000027bf72cf788 points into unknown readable memory: 74 da 74 60 1d 91 00 00
stack at sp + 7 slots: 0x00007ff9f8bb9d06 ucrtbase.dll

VM_Operation (0x000000d7111f9880): Exit, mode: safepoint, requested by thread 0x0000027bf73d6000


---------------  P R O C E S S  ---------------

Threads class SMR info:
_java_thread_list=0x0000027bfe970cf0, length=18, elements={
0x0000027bd1c93000, 0x0000027bf5818800, 0x0000027bf581c000, 0x0000027bf60b6800,
0x0000027bf60b7000, 0x0000027bf60b9800, 0x0000027bf60df000, 0x0000027bf60eb000,
0x0000027bf61fa000, 0x0000027bf696c000, 0x0000027bf69c5000, 0x0000027bf6d85000,
0x0000027bf7755800, 0x0000027bf73d6000, 0x0000027bf7a3c800, 0x0000027bf7a5f000,
0x0000027bff781800, 0x0000027bff21c000
}

Java Threads: ( => current thread )
  0x0000027bd1c93000 JavaThread "main" [_thread_blocked, id=24816, stack(0x000000d70fa00000,0x000000d70fb00000)]
  0x0000027bf5818800 JavaThread "Reference Handler" daemon [_thread_blocked, id=14232, stack(0x000000d710100000,0x000000d710200000)]
  0x0000027bf581c000 JavaThread "Finalizer" daemon [_thread_blocked, id=14096, stack(0x000000d710200000,0x000000d710300000)]
  0x0000027bf60b6800 JavaThread "Signal Dispatcher" daemon [_thread_blocked, id=1492, stack(0x000000d710300000,0x000000d710400000)]
  0x0000027bf60b7000 JavaThread "Attach Listener" daemon [_thread_blocked, id=26924, stack(0x000000d710400000,0x000000d710500000)]
  0x0000027bf60b9800 JavaThread "C2 CompilerThread0" daemon [_thread_blocked, id=27428, stack(0x000000d710500000,0x000000d710600000)]
  0x0000027bf60df000 JavaThread "C1 CompilerThread0" daemon [_thread_blocked, id=23364, stack(0x000000d710600000,0x000000d710700000)]
  0x0000027bf60eb000 JavaThread "Sweeper thread" daemon [_thread_blocked, id=1152, stack(0x000000d710700000,0x000000d710800000)]
  0x0000027bf61fa000 JavaThread "Common-Cleaner" daemon [_thread_blocked, id=27784, stack(0x000000d710800000,0x000000d710900000)]
  0x0000027bf696c000 JavaThread "Monitor Ctrl-Break" daemon [_thread_in_native, id=19916, stack(0x000000d710b00000,0x000000d710c00000)]
  0x0000027bf69c5000 JavaThread "Service Thread" daemon [_thread_blocked, id=29592, stack(0x000000d710c00000,0x000000d710d00000)]
  0x0000027bf6d85000 JavaThread "QuantumRenderer-0" daemon [_thread_blocked, id=11200, stack(0x000000d710e00000,0x000000d710f00000)]
  0x0000027bf7755800 JavaThread "InvokeLaterDispatcher" daemon [_thread_blocked, id=31784, stack(0x000000d711000000,0x000000d711100000)]
  0x0000027bf73d6000 JavaThread "JavaFX Application Thread" [_thread_blocked, id=19468, stack(0x000000d711100000,0x000000d711200000)]
  0x0000027bf7a3c800 JavaThread "JavaFX-Launcher" [_thread_blocked, id=8420, stack(0x000000d710a00000,0x000000d710b00000)]
  0x0000027bf7a5f000 JavaThread "Thread-2" daemon [_thread_in_native, id=28724, stack(0x000000d710900000,0x000000d710a00000)]
  0x0000027bff781800 JavaThread "Prism Font Disposer" daemon [_thread_blocked, id=13504, stack(0x000000d711e00000,0x000000d711f00000)]
  0x0000027bff21c000 JavaThread "Cleaner-0" daemon [_thread_blocked, id=10572, stack(0x000000d711f00000,0x000000d712000000)]

Other Threads:
=>0x0000027bf5813800 VMThread "VM Thread" [stack: 0x000000d710000000,0x000000d710100000] [id=28968]
  0x0000027bd1cfd800 GCTaskThread "GC Thread#0" [stack: 0x000000d70fb00000,0x000000d70fc00000] [id=7924]
  0x0000027bf7b5a000 GCTaskThread "GC Thread#1" [stack: 0x000000d711500000,0x000000d711600000] [id=10568]
  0x0000027bf7b5a800 GCTaskThread "GC Thread#2" [stack: 0x000000d711600000,0x000000d711700000] [id=32368]
  0x0000027bf7b5c000 GCTaskThread "GC Thread#3" [stack: 0x000000d711700000,0x000000d711800000] [id=9704]
  0x0000027bf7b5c800 GCTaskThread "GC Thread#4" [stack: 0x000000d711800000,0x000000d711900000] [id=29620]
  0x0000027bf7b7f800 GCTaskThread "GC Thread#5" [stack: 0x000000d711900000,0x000000d711a00000] [id=19568]
  0x0000027bd1d20800 ConcurrentGCThread "G1 Main Marker" [stack: 0x000000d70fc00000,0x000000d70fd00000] [id=30544]
  0x0000027bd1d22800 ConcurrentGCThread "G1 Conc#0" [stack: 0x000000d70fd00000,0x000000d70fe00000] [id=26888]
  0x0000027bf5711800 ConcurrentGCThread "G1 Refine#0" [stack: 0x000000d70fe00000,0x000000d70ff00000] [id=320]
  0x0000027bf5712000 ConcurrentGCThread "G1 Young RemSet Sampling" [stack: 0x000000d70ff00000,0x000000d710000000] [id=996]

Threads with active compile tasks:
C2 CompilerThread0    70234 4940       4       jdk.internal.org.objectweb.asm.ByteVector::put122 (93 bytes)

VM state:at safepoint (shutting down)

VM Mutex/Monitor currently owned by a thread:  ([mutex/lock_event])
[0x0000027bd1c8f980] Threads_lock - owner thread: 0x0000027bf5813800
[0x0000027bd1c8dd60] Heap_lock - owner thread: 0x0000027bf73d6000

Heap address: 0x0000000702200000, size: 4062 MB, Compressed Oops mode: Zero based, Oop shift amount: 3
Narrow klass base: 0x0000000800000000, Narrow klass shift: 3
Compressed class space size: 1073741824 Address: 0x0000000800b40000

Heap:
 garbage-first heap   total 260096K, used 107496K [0x0000000702200000, 0x0000000800000000)
  region size 1024K, 103 young (105472K), 3 survivors (3072K)
 Metaspace       used 19606K, capacity 20472K, committed 20736K, reserved 1067008K
  class space    used 2589K, capacity 2978K, committed 3072K, reserved 1048576K
Heap Regions: E=young(eden), S=young(survivor), O=old, HS=humongous(starts), HC=humongous(continues), CS=collection set, F=free, A=archive, TAMS=top-at-mark-start (previous, next)
|   0|0x0000000702200000, 0x00000007022fa200, 0x0000000702300000| 97%| O|  |TAMS 0x0000000702200000, 0x0000000702200000| Untracked 
|   1|0x0000000702300000, 0x0000000702400000, 0x0000000702400000|100%|HS|  |TAMS 0x0000000702300000, 0x0000000702300000| Complete 
|   2|0x0000000702400000, 0x0000000702500000, 0x0000000702500000|100%|HC|  |TAMS 0x0000000702400000, 0x0000000702400000| Complete 
|   3|0x0000000702500000, 0x0000000702500000, 0x0000000702600000|  0%| F|  |TAMS 0x0000000702500000, 0x0000000702500000| Untracked 
|   4|0x0000000702600000, 0x0000000702600000, 0x0000000702700000|  0%| F|  |TAMS 0x0000000702600000, 0x0000000702600000| Untracked 
|   5|0x0000000702700000, 0x0000000702700000, 0x0000000702800000|  0%| F|  |TAMS 0x0000000702700000, 0x0000000702700000| Untracked 
|   6|0x0000000702800000, 0x0000000702800000, 0x0000000702900000|  0%| F|  |TAMS 0x0000000702800000, 0x0000000702800000| Untracked 
|   7|0x0000000702900000, 0x0000000702900000, 0x0000000702a00000|  0%| F|  |TAMS 0x0000000702900000, 0x0000000702900000| Untracked 
|   8|0x0000000702a00000, 0x0000000702a00000, 0x0000000702b00000|  0%| F|  |TAMS 0x0000000702a00000, 0x0000000702a00000| Untracked 
|   9|0x0000000702b00000, 0x0000000702b00000, 0x0000000702c00000|  0%| F|  |TAMS 0x0000000702b00000, 0x0000000702b00000| Untracked 
|  10|0x0000000702c00000, 0x0000000702c00000, 0x0000000702d00000|  0%| F|  |TAMS 0x0000000702c00000, 0x0000000702c00000| Untracked 
|  11|0x0000000702d00000, 0x0000000702d00000, 0x0000000702e00000|  0%| F|  |TAMS 0x0000000702d00000, 0x0000000702d00000| Untracked 
|  12|0x0000000702e00000, 0x0000000702e00000, 0x0000000702f00000|  0%| F|  |TAMS 0x0000000702e00000, 0x0000000702e00000| Untracked 
|  13|0x0000000702f00000, 0x0000000702f00000, 0x0000000703000000|  0%| F|  |TAMS 0x0000000702f00000, 0x0000000702f00000| Untracked 
|  14|0x0000000703000000, 0x0000000703000000, 0x0000000703100000|  0%| F|  |TAMS 0x0000000703000000, 0x0000000703000000| Untracked 
|  15|0x0000000703100000, 0x0000000703100000, 0x0000000703200000|  0%| F|  |TAMS 0x0000000703100000, 0x0000000703100000| Untracked 
|  16|0x0000000703200000, 0x0000000703200000, 0x0000000703300000|  0%| F|  |TAMS 0x0000000703200000, 0x0000000703200000| Untracked 
|  17|0x0000000703300000, 0x0000000703300000, 0x0000000703400000|  0%| F|  |TAMS 0x0000000703300000, 0x0000000703300000| Untracked 
|  18|0x0000000703400000, 0x0000000703400000, 0x0000000703500000|  0%| F|  |TAMS 0x0000000703400000, 0x0000000703400000| Untracked 
|  19|0x0000000703500000, 0x0000000703500000, 0x0000000703600000|  0%| F|  |TAMS 0x0000000703500000, 0x0000000703500000| Untracked 
|  20|0x0000000703600000, 0x0000000703600000, 0x0000000703700000|  0%| F|  |TAMS 0x0000000703600000, 0x0000000703600000| Untracked 
|  21|0x0000000703700000, 0x0000000703700000, 0x0000000703800000|  0%| F|  |TAMS 0x0000000703700000, 0x0000000703700000| Untracked 
|  22|0x0000000703800000, 0x0000000703800000, 0x0000000703900000|  0%| F|  |TAMS 0x0000000703800000, 0x0000000703800000| Untracked 
|  23|0x0000000703900000, 0x0000000703900000, 0x0000000703a00000|  0%| F|  |TAMS 0x0000000703900000, 0x0000000703900000| Untracked 
|  24|0x0000000703a00000, 0x0000000703a00000, 0x0000000703b00000|  0%| F|  |TAMS 0x0000000703a00000, 0x0000000703a00000| Untracked 
|  25|0x0000000703b00000, 0x0000000703b00000, 0x0000000703c00000|  0%| F|  |TAMS 0x0000000703b00000, 0x0000000703b00000| Untracked 
|  26|0x0000000703c00000, 0x0000000703c00000, 0x0000000703d00000|  0%| F|  |TAMS 0x0000000703c00000, 0x0000000703c00000| Untracked 
|  27|0x0000000703d00000, 0x0000000703d00000, 0x0000000703e00000|  0%| F|  |TAMS 0x0000000703d00000, 0x0000000703d00000| Untracked 
|  28|0x0000000703e00000, 0x0000000703e00000, 0x0000000703f00000|  0%| F|  |TAMS 0x0000000703e00000, 0x0000000703e00000| Untracked 
|  29|0x0000000703f00000, 0x0000000703f00000, 0x0000000704000000|  0%| F|  |TAMS 0x0000000703f00000, 0x0000000703f00000| Untracked 
|  30|0x0000000704000000, 0x0000000704000000, 0x0000000704100000|  0%| F|  |TAMS 0x0000000704000000, 0x0000000704000000| Untracked 
|  31|0x0000000704100000, 0x0000000704100000, 0x0000000704200000|  0%| F|  |TAMS 0x0000000704100000, 0x0000000704100000| Untracked 
|  32|0x0000000704200000, 0x0000000704200000, 0x0000000704300000|  0%| F|  |TAMS 0x0000000704200000, 0x0000000704200000| Untracked 
|  33|0x0000000704300000, 0x0000000704300000, 0x0000000704400000|  0%| F|  |TAMS 0x0000000704300000, 0x0000000704300000| Untracked 
|  34|0x0000000704400000, 0x0000000704400000, 0x0000000704500000|  0%| F|  |TAMS 0x0000000704400000, 0x0000000704400000| Untracked 
|  35|0x0000000704500000, 0x0000000704500000, 0x0000000704600000|  0%| F|  |TAMS 0x0000000704500000, 0x0000000704500000| Untracked 
|  36|0x0000000704600000, 0x0000000704600000, 0x0000000704700000|  0%| F|  |TAMS 0x0000000704600000, 0x0000000704600000| Untracked 
|  37|0x0000000704700000, 0x0000000704700000, 0x0000000704800000|  0%| F|  |TAMS 0x0000000704700000, 0x0000000704700000| Untracked 
|  38|0x0000000704800000, 0x0000000704800000, 0x0000000704900000|  0%| F|  |TAMS 0x0000000704800000, 0x0000000704800000| Untracked 
|  39|0x0000000704900000, 0x0000000704900000, 0x0000000704a00000|  0%| F|  |TAMS 0x0000000704900000, 0x0000000704900000| Untracked 
|  40|0x0000000704a00000, 0x0000000704a00000, 0x0000000704b00000|  0%| F|  |TAMS 0x0000000704a00000, 0x0000000704a00000| Untracked 
|  41|0x0000000704b00000, 0x0000000704b00000, 0x0000000704c00000|  0%| F|  |TAMS 0x0000000704b00000, 0x0000000704b00000| Untracked 
|  42|0x0000000704c00000, 0x0000000704c00000, 0x0000000704d00000|  0%| F|  |TAMS 0x0000000704c00000, 0x0000000704c00000| Untracked 
|  43|0x0000000704d00000, 0x0000000704d00000, 0x0000000704e00000|  0%| F|  |TAMS 0x0000000704d00000, 0x0000000704d00000| Untracked 
|  44|0x0000000704e00000, 0x0000000704e00000, 0x0000000704f00000|  0%| F|  |TAMS 0x0000000704e00000, 0x0000000704e00000| Untracked 
|  45|0x0000000704f00000, 0x0000000704f00000, 0x0000000705000000|  0%| F|  |TAMS 0x0000000704f00000, 0x0000000704f00000| Untracked 
|  46|0x0000000705000000, 0x0000000705000000, 0x0000000705100000|  0%| F|  |TAMS 0x0000000705000000, 0x0000000705000000| Untracked 
|  47|0x0000000705100000, 0x0000000705100000, 0x0000000705200000|  0%| F|  |TAMS 0x0000000705100000, 0x0000000705100000| Untracked 
|  48|0x0000000705200000, 0x0000000705200000, 0x0000000705300000|  0%| F|  |TAMS 0x0000000705200000, 0x0000000705200000| Untracked 
|  49|0x0000000705300000, 0x0000000705300000, 0x0000000705400000|  0%| F|  |TAMS 0x0000000705300000, 0x0000000705300000| Untracked 
|  50|0x0000000705400000, 0x0000000705400000, 0x0000000705500000|  0%| F|  |TAMS 0x0000000705400000, 0x0000000705400000| Untracked 
|  51|0x0000000705500000, 0x0000000705500000, 0x0000000705600000|  0%| F|  |TAMS 0x0000000705500000, 0x0000000705500000| Untracked 
|  52|0x0000000705600000, 0x0000000705600000, 0x0000000705700000|  0%| F|  |TAMS 0x0000000705600000, 0x0000000705600000| Untracked 
|  53|0x0000000705700000, 0x0000000705700000, 0x0000000705800000|  0%| F|  |TAMS 0x0000000705700000, 0x0000000705700000| Untracked 
|  54|0x0000000705800000, 0x0000000705800000, 0x0000000705900000|  0%| F|  |TAMS 0x0000000705800000, 0x0000000705800000| Untracked 
|  55|0x0000000705900000, 0x0000000705900000, 0x0000000705a00000|  0%| F|  |TAMS 0x0000000705900000, 0x0000000705900000| Untracked 
|  56|0x0000000705a00000, 0x0000000705a00000, 0x0000000705b00000|  0%| F|  |TAMS 0x0000000705a00000, 0x0000000705a00000| Untracked 
|  57|0x0000000705b00000, 0x0000000705b00000, 0x0000000705c00000|  0%| F|  |TAMS 0x0000000705b00000, 0x0000000705b00000| Untracked 
|  58|0x0000000705c00000, 0x0000000705c00000, 0x0000000705d00000|  0%| F|  |TAMS 0x0000000705c00000, 0x0000000705c00000| Untracked 
|  59|0x0000000705d00000, 0x0000000705d00000, 0x0000000705e00000|  0%| F|  |TAMS 0x0000000705d00000, 0x0000000705d00000| Untracked 
|  60|0x0000000705e00000, 0x0000000705e00000, 0x0000000705f00000|  0%| F|  |TAMS 0x0000000705e00000, 0x0000000705e00000| Untracked 
|  61|0x0000000705f00000, 0x0000000705f00000, 0x0000000706000000|  0%| F|  |TAMS 0x0000000705f00000, 0x0000000705f00000| Untracked 
|  62|0x0000000706000000, 0x0000000706000000, 0x0000000706100000|  0%| F|  |TAMS 0x0000000706000000, 0x0000000706000000| Untracked 
|  63|0x0000000706100000, 0x0000000706100000, 0x0000000706200000|  0%| F|  |TAMS 0x0000000706100000, 0x0000000706100000| Untracked 
|  64|0x0000000706200000, 0x0000000706200000, 0x0000000706300000|  0%| F|  |TAMS 0x0000000706200000, 0x0000000706200000| Untracked 
|  65|0x0000000706300000, 0x0000000706300000, 0x0000000706400000|  0%| F|  |TAMS 0x0000000706300000, 0x0000000706300000| Untracked 
|  66|0x0000000706400000, 0x0000000706400000, 0x0000000706500000|  0%| F|  |TAMS 0x0000000706400000, 0x0000000706400000| Untracked 
|  67|0x0000000706500000, 0x0000000706500000, 0x0000000706600000|  0%| F|  |TAMS 0x0000000706500000, 0x0000000706500000| Untracked 
|  68|0x0000000706600000, 0x0000000706600000, 0x0000000706700000|  0%| F|  |TAMS 0x0000000706600000, 0x0000000706600000| Untracked 
|  69|0x0000000706700000, 0x0000000706700000, 0x0000000706800000|  0%| F|  |TAMS 0x0000000706700000, 0x0000000706700000| Untracked 
|  70|0x0000000706800000, 0x0000000706800000, 0x0000000706900000|  0%| F|  |TAMS 0x0000000706800000, 0x0000000706800000| Untracked 
|  71|0x0000000706900000, 0x0000000706900000, 0x0000000706a00000|  0%| F|  |TAMS 0x0000000706900000, 0x0000000706900000| Untracked 
|  72|0x0000000706a00000, 0x0000000706a00000, 0x0000000706b00000|  0%| F|  |TAMS 0x0000000706a00000, 0x0000000706a00000| Untracked 
|  73|0x0000000706b00000, 0x0000000706b00000, 0x0000000706c00000|  0%| F|  |TAMS 0x0000000706b00000, 0x0000000706b00000| Untracked 
|  74|0x0000000706c00000, 0x0000000706c00000, 0x0000000706d00000|  0%| F|  |TAMS 0x0000000706c00000, 0x0000000706c00000| Untracked 
|  75|0x0000000706d00000, 0x0000000706d00000, 0x0000000706e00000|  0%| F|  |TAMS 0x0000000706d00000, 0x0000000706d00000| Untracked 
|  76|0x0000000706e00000, 0x0000000706e00000, 0x0000000706f00000|  0%| F|  |TAMS 0x0000000706e00000, 0x0000000706e00000| Untracked 
|  77|0x0000000706f00000, 0x0000000706f00000, 0x0000000707000000|  0%| F|  |TAMS 0x0000000706f00000, 0x0000000706f00000| Untracked 
|  78|0x0000000707000000, 0x0000000707000000, 0x0000000707100000|  0%| F|  |TAMS 0x0000000707000000, 0x0000000707000000| Untracked 
|  79|0x0000000707100000, 0x0000000707100000, 0x0000000707200000|  0%| F|  |TAMS 0x0000000707100000, 0x0000000707100000| Untracked 
|  80|0x0000000707200000, 0x0000000707200000, 0x0000000707300000|  0%| F|  |TAMS 0x0000000707200000, 0x0000000707200000| Untracked 
|  81|0x0000000707300000, 0x0000000707300000, 0x0000000707400000|  0%| F|  |TAMS 0x0000000707300000, 0x0000000707300000| Untracked 
|  82|0x0000000707400000, 0x0000000707400000, 0x0000000707500000|  0%| F|  |TAMS 0x0000000707400000, 0x0000000707400000| Untracked 
|  83|0x0000000707500000, 0x0000000707500000, 0x0000000707600000|  0%| F|  |TAMS 0x0000000707500000, 0x0000000707500000| Untracked 
|  84|0x0000000707600000, 0x0000000707600000, 0x0000000707700000|  0%| F|  |TAMS 0x0000000707600000, 0x0000000707600000| Untracked 
|  85|0x0000000707700000, 0x0000000707700000, 0x0000000707800000|  0%| F|  |TAMS 0x0000000707700000, 0x0000000707700000| Untracked 
|  86|0x0000000707800000, 0x0000000707800000, 0x0000000707900000|  0%| F|  |TAMS 0x0000000707800000, 0x0000000707800000| Untracked 
|  87|0x0000000707900000, 0x0000000707900000, 0x0000000707a00000|  0%| F|  |TAMS 0x0000000707900000, 0x0000000707900000| Untracked 
|  88|0x0000000707a00000, 0x0000000707a00000, 0x0000000707b00000|  0%| F|  |TAMS 0x0000000707a00000, 0x0000000707a00000| Untracked 
|  89|0x0000000707b00000, 0x0000000707b00000, 0x0000000707c00000|  0%| F|  |TAMS 0x0000000707b00000, 0x0000000707b00000| Untracked 
|  90|0x0000000707c00000, 0x0000000707c00000, 0x0000000707d00000|  0%| F|  |TAMS 0x0000000707c00000, 0x0000000707c00000| Untracked 
|  91|0x0000000707d00000, 0x0000000707d00000, 0x0000000707e00000|  0%| F|  |TAMS 0x0000000707d00000, 0x0000000707d00000| Untracked 
|  92|0x0000000707e00000, 0x0000000707e00000, 0x0000000707f00000|  0%| F|  |TAMS 0x0000000707e00000, 0x0000000707e00000| Untracked 
|  93|0x0000000707f00000, 0x0000000707f00000, 0x0000000708000000|  0%| F|  |TAMS 0x0000000707f00000, 0x0000000707f00000| Untracked 
|  94|0x0000000708000000, 0x0000000708000000, 0x0000000708100000|  0%| F|  |TAMS 0x0000000708000000, 0x0000000708000000| Untracked 
|  95|0x0000000708100000, 0x0000000708100000, 0x0000000708200000|  0%| F|  |TAMS 0x0000000708100000, 0x0000000708100000| Untracked 
|  96|0x0000000708200000, 0x0000000708200000, 0x0000000708300000|  0%| F|  |TAMS 0x0000000708200000, 0x0000000708200000| Untracked 
|  97|0x0000000708300000, 0x0000000708300000, 0x0000000708400000|  0%| F|  |TAMS 0x0000000708300000, 0x0000000708300000| Untracked 
|  98|0x0000000708400000, 0x0000000708400000, 0x0000000708500000|  0%| F|  |TAMS 0x0000000708400000, 0x0000000708400000| Untracked 
|  99|0x0000000708500000, 0x0000000708500000, 0x0000000708600000|  0%| F|  |TAMS 0x0000000708500000, 0x0000000708500000| Untracked 
| 100|0x0000000708600000, 0x0000000708600000, 0x0000000708700000|  0%| F|  |TAMS 0x0000000708600000, 0x0000000708600000| Untracked 
| 101|0x0000000708700000, 0x0000000708700000, 0x0000000708800000|  0%| F|  |TAMS 0x0000000708700000, 0x0000000708700000| Untracked 
| 102|0x0000000708800000, 0x0000000708800000, 0x0000000708900000|  0%| F|  |TAMS 0x0000000708800000, 0x0000000708800000| Untracked 
| 103|0x0000000708900000, 0x0000000708900000, 0x0000000708a00000|  0%| F|  |TAMS 0x0000000708900000, 0x0000000708900000| Untracked 
| 104|0x0000000708a00000, 0x0000000708a00000, 0x0000000708b00000|  0%| F|  |TAMS 0x0000000708a00000, 0x0000000708a00000| Untracked 
| 105|0x0000000708b00000, 0x0000000708b00000, 0x0000000708c00000|  0%| F|  |TAMS 0x0000000708b00000, 0x0000000708b00000| Untracked 
| 106|0x0000000708c00000, 0x0000000708c00000, 0x0000000708d00000|  0%| F|  |TAMS 0x0000000708c00000, 0x0000000708c00000| Untracked 
| 107|0x0000000708d00000, 0x0000000708d00000, 0x0000000708e00000|  0%| F|  |TAMS 0x0000000708d00000, 0x0000000708d00000| Untracked 
| 108|0x0000000708e00000, 0x0000000708e00000, 0x0000000708f00000|  0%| F|  |TAMS 0x0000000708e00000, 0x0000000708e00000| Untracked 
| 109|0x0000000708f00000, 0x0000000708f00000, 0x0000000709000000|  0%| F|  |TAMS 0x0000000708f00000, 0x0000000708f00000| Untracked 
| 110|0x0000000709000000, 0x0000000709000000, 0x0000000709100000|  0%| F|  |TAMS 0x0000000709000000, 0x0000000709000000| Untracked 
| 111|0x0000000709100000, 0x0000000709100000, 0x0000000709200000|  0%| F|  |TAMS 0x0000000709100000, 0x0000000709100000| Untracked 
| 112|0x0000000709200000, 0x0000000709200000, 0x0000000709300000|  0%| F|  |TAMS 0x0000000709200000, 0x0000000709200000| Untracked 
| 113|0x0000000709300000, 0x0000000709300000, 0x0000000709400000|  0%| F|  |TAMS 0x0000000709300000, 0x0000000709300000| Untracked 
| 114|0x0000000709400000, 0x0000000709400000, 0x0000000709500000|  0%| F|  |TAMS 0x0000000709400000, 0x0000000709400000| Untracked 
| 115|0x0000000709500000, 0x0000000709500000, 0x0000000709600000|  0%| F|  |TAMS 0x0000000709500000, 0x0000000709500000| Untracked 
| 116|0x0000000709600000, 0x0000000709600000, 0x0000000709700000|  0%| F|  |TAMS 0x0000000709600000, 0x0000000709600000| Untracked 
| 117|0x0000000709700000, 0x0000000709700000, 0x0000000709800000|  0%| F|  |TAMS 0x0000000709700000, 0x0000000709700000| Untracked 
| 118|0x0000000709800000, 0x0000000709800000, 0x0000000709900000|  0%| F|  |TAMS 0x0000000709800000, 0x0000000709800000| Untracked 
| 119|0x0000000709900000, 0x0000000709900000, 0x0000000709a00000|  0%| F|  |TAMS 0x0000000709900000, 0x0000000709900000| Untracked 
| 120|0x0000000709a00000, 0x0000000709a00000, 0x0000000709b00000|  0%| F|  |TAMS 0x0000000709a00000, 0x0000000709a00000| Untracked 
| 121|0x0000000709b00000, 0x0000000709b00000, 0x0000000709c00000|  0%| F|  |TAMS 0x0000000709b00000, 0x0000000709b00000| Untracked 
| 122|0x0000000709c00000, 0x0000000709c00000, 0x0000000709d00000|  0%| F|  |TAMS 0x0000000709c00000, 0x0000000709c00000| Untracked 
| 123|0x0000000709d00000, 0x0000000709d00000, 0x0000000709e00000|  0%| F|  |TAMS 0x0000000709d00000, 0x0000000709d00000| Untracked 
| 124|0x0000000709e00000, 0x0000000709e00000, 0x0000000709f00000|  0%| F|  |TAMS 0x0000000709e00000, 0x0000000709e00000| Untracked 
| 125|0x0000000709f00000, 0x0000000709f00000, 0x000000070a000000|  0%| F|  |TAMS 0x0000000709f00000, 0x0000000709f00000| Untracked 
| 126|0x000000070a000000, 0x000000070a000000, 0x000000070a100000|  0%| F|  |TAMS 0x000000070a000000, 0x000000070a000000| Untracked 
| 127|0x000000070a100000, 0x000000070a100000, 0x000000070a200000|  0%| F|  |TAMS 0x000000070a100000, 0x000000070a100000| Untracked 
| 128|0x000000070a200000, 0x000000070a200000, 0x000000070a300000|  0%| F|  |TAMS 0x000000070a200000, 0x000000070a200000| Untracked 
| 129|0x000000070a300000, 0x000000070a300000, 0x000000070a400000|  0%| F|  |TAMS 0x000000070a300000, 0x000000070a300000| Untracked 
| 130|0x000000070a400000, 0x000000070a400000, 0x000000070a500000|  0%| F|  |TAMS 0x000000070a400000, 0x000000070a400000| Untracked 
| 131|0x000000070a500000, 0x000000070a500000, 0x000000070a600000|  0%| F|  |TAMS 0x000000070a500000, 0x000000070a500000| Untracked 
| 132|0x000000070a600000, 0x000000070a600000, 0x000000070a700000|  0%| F|  |TAMS 0x000000070a600000, 0x000000070a600000| Untracked 
| 133|0x000000070a700000, 0x000000070a700000, 0x000000070a800000|  0%| F|  |TAMS 0x000000070a700000, 0x000000070a700000| Untracked 
| 134|0x000000070a800000, 0x000000070a800000, 0x000000070a900000|  0%| F|  |TAMS 0x000000070a800000, 0x000000070a800000| Untracked 
| 135|0x000000070a900000, 0x000000070a900000, 0x000000070aa00000|  0%| F|  |TAMS 0x000000070a900000, 0x000000070a900000| Untracked 
| 136|0x000000070aa00000, 0x000000070aa00000, 0x000000070ab00000|  0%| F|  |TAMS 0x000000070aa00000, 0x000000070aa00000| Untracked 
| 137|0x000000070ab00000, 0x000000070ab00000, 0x000000070ac00000|  0%| F|  |TAMS 0x000000070ab00000, 0x000000070ab00000| Untracked 
| 138|0x000000070ac00000, 0x000000070ac00000, 0x000000070ad00000|  0%| F|  |TAMS 0x000000070ac00000, 0x000000070ac00000| Untracked 
| 139|0x000000070ad00000, 0x000000070ad00000, 0x000000070ae00000|  0%| F|  |TAMS 0x000000070ad00000, 0x000000070ad00000| Untracked 
| 140|0x000000070ae00000, 0x000000070ae00000, 0x000000070af00000|  0%| F|  |TAMS 0x000000070ae00000, 0x000000070ae00000| Untracked 
| 141|0x000000070af00000, 0x000000070af00000, 0x000000070b000000|  0%| F|  |TAMS 0x000000070af00000, 0x000000070af00000| Untracked 
| 142|0x000000070b000000, 0x000000070b000000, 0x000000070b100000|  0%| F|  |TAMS 0x000000070b000000, 0x000000070b000000| Untracked 
| 143|0x000000070b100000, 0x000000070b100000, 0x000000070b200000|  0%| F|  |TAMS 0x000000070b100000, 0x000000070b100000| Untracked 
| 144|0x000000070b200000, 0x000000070b200000, 0x000000070b300000|  0%| F|  |TAMS 0x000000070b200000, 0x000000070b200000| Untracked 
| 145|0x000000070b300000, 0x000000070b300000, 0x000000070b400000|  0%| F|  |TAMS 0x000000070b300000, 0x000000070b300000| Untracked 
| 146|0x000000070b400000, 0x000000070b400000, 0x000000070b500000|  0%| F|  |TAMS 0x000000070b400000, 0x000000070b400000| Untracked 
| 147|0x000000070b500000, 0x000000070b500000, 0x000000070b600000|  0%| F|  |TAMS 0x000000070b500000, 0x000000070b500000| Untracked 
| 148|0x000000070b600000, 0x000000070b600000, 0x000000070b700000|  0%| F|  |TAMS 0x000000070b600000, 0x000000070b600000| Untracked 
| 149|0x000000070b700000, 0x000000070b700000, 0x000000070b800000|  0%| F|  |TAMS 0x000000070b700000, 0x000000070b700000| Untracked 
| 150|0x000000070b800000, 0x000000070b800000, 0x000000070b900000|  0%| F|  |TAMS 0x000000070b800000, 0x000000070b800000| Untracked 
| 151|0x000000070b900000, 0x000000070ba00000, 0x000000070ba00000|100%| E|  |TAMS 0x000000070b900000, 0x000000070b900000| Complete 
| 152|0x000000070ba00000, 0x000000070bb00000, 0x000000070bb00000|100%| E|CS|TAMS 0x000000070ba00000, 0x000000070ba00000| Complete 
| 153|0x000000070bb00000, 0x000000070bc00000, 0x000000070bc00000|100%| E|CS|TAMS 0x000000070bb00000, 0x000000070bb00000| Complete 
| 154|0x000000070bc00000, 0x000000070bd00000, 0x000000070bd00000|100%| E|CS|TAMS 0x000000070bc00000, 0x000000070bc00000| Complete 
| 155|0x000000070bd00000, 0x000000070be00000, 0x000000070be00000|100%| E|CS|TAMS 0x000000070bd00000, 0x000000070bd00000| Complete 
| 156|0x000000070be00000, 0x000000070bf00000, 0x000000070bf00000|100%| E|CS|TAMS 0x000000070be00000, 0x000000070be00000| Complete 
| 157|0x000000070bf00000, 0x000000070c000000, 0x000000070c000000|100%| E|CS|TAMS 0x000000070bf00000, 0x000000070bf00000| Complete 
| 158|0x000000070c000000, 0x000000070c100000, 0x000000070c100000|100%| E|CS|TAMS 0x000000070c000000, 0x000000070c000000| Complete 
| 159|0x000000070c100000, 0x000000070c200000, 0x000000070c200000|100%| E|CS|TAMS 0x000000070c100000, 0x000000070c100000| Complete 
| 160|0x000000070c200000, 0x000000070c300000, 0x000000070c300000|100%| E|CS|TAMS 0x000000070c200000, 0x000000070c200000| Complete 
| 161|0x000000070c300000, 0x000000070c400000, 0x000000070c400000|100%| E|CS|TAMS 0x000000070c300000, 0x000000070c300000| Complete 
| 162|0x000000070c400000, 0x000000070c500000, 0x000000070c500000|100%| E|CS|TAMS 0x000000070c400000, 0x000000070c400000| Complete 
| 163|0x000000070c500000, 0x000000070c600000, 0x000000070c600000|100%| E|CS|TAMS 0x000000070c500000, 0x000000070c500000| Complete 
| 164|0x000000070c600000, 0x000000070c700000, 0x000000070c700000|100%| E|CS|TAMS 0x000000070c600000, 0x000000070c600000| Complete 
| 165|0x000000070c700000, 0x000000070c800000, 0x000000070c800000|100%| E|CS|TAMS 0x000000070c700000, 0x000000070c700000| Complete 
| 166|0x000000070c800000, 0x000000070c900000, 0x000000070c900000|100%| E|CS|TAMS 0x000000070c800000, 0x000000070c800000| Complete 
| 167|0x000000070c900000, 0x000000070ca00000, 0x000000070ca00000|100%| E|CS|TAMS 0x000000070c900000, 0x000000070c900000| Complete 
| 168|0x000000070ca00000, 0x000000070cb00000, 0x000000070cb00000|100%| E|CS|TAMS 0x000000070ca00000, 0x000000070ca00000| Complete 
| 169|0x000000070cb00000, 0x000000070cc00000, 0x000000070cc00000|100%| E|CS|TAMS 0x000000070cb00000, 0x000000070cb00000| Complete 
| 170|0x000000070cc00000, 0x000000070cd00000, 0x000000070cd00000|100%| E|CS|TAMS 0x000000070cc00000, 0x000000070cc00000| Complete 
| 171|0x000000070cd00000, 0x000000070ce00000, 0x000000070ce00000|100%| E|CS|TAMS 0x000000070cd00000, 0x000000070cd00000| Complete 
| 172|0x000000070ce00000, 0x000000070cf00000, 0x000000070cf00000|100%| E|CS|TAMS 0x000000070ce00000, 0x000000070ce00000| Complete 
| 173|0x000000070cf00000, 0x000000070d000000, 0x000000070d000000|100%| E|CS|TAMS 0x000000070cf00000, 0x000000070cf00000| Complete 
| 174|0x000000070d000000, 0x000000070d100000, 0x000000070d100000|100%| E|CS|TAMS 0x000000070d000000, 0x000000070d000000| Complete 
| 175|0x000000070d100000, 0x000000070d200000, 0x000000070d200000|100%| E|CS|TAMS 0x000000070d100000, 0x000000070d100000| Complete 
| 176|0x000000070d200000, 0x000000070d300000, 0x000000070d300000|100%| E|CS|TAMS 0x000000070d200000, 0x000000070d200000| Complete 
| 177|0x000000070d300000, 0x000000070d400000, 0x000000070d400000|100%| E|CS|TAMS 0x000000070d300000, 0x000000070d300000| Complete 
| 178|0x000000070d400000, 0x000000070d500000, 0x000000070d500000|100%| E|CS|TAMS 0x000000070d400000, 0x000000070d400000| Complete 
| 179|0x000000070d500000, 0x000000070d600000, 0x000000070d600000|100%| E|CS|TAMS 0x000000070d500000, 0x000000070d500000| Complete 
| 180|0x000000070d600000, 0x000000070d700000, 0x000000070d700000|100%| E|CS|TAMS 0x000000070d600000, 0x000000070d600000| Complete 
| 181|0x000000070d700000, 0x000000070d800000, 0x000000070d800000|100%| E|CS|TAMS 0x000000070d700000, 0x000000070d700000| Complete 
| 182|0x000000070d800000, 0x000000070d900000, 0x000000070d900000|100%| E|CS|TAMS 0x000000070d800000, 0x000000070d800000| Complete 
| 183|0x000000070d900000, 0x000000070da00000, 0x000000070da00000|100%| E|CS|TAMS 0x000000070d900000, 0x000000070d900000| Complete 
| 184|0x000000070da00000, 0x000000070db00000, 0x000000070db00000|100%| E|CS|TAMS 0x000000070da00000, 0x000000070da00000| Complete 
| 185|0x000000070db00000, 0x000000070dc00000, 0x000000070dc00000|100%| E|CS|TAMS 0x000000070db00000, 0x000000070db00000| Complete 
| 186|0x000000070dc00000, 0x000000070dd00000, 0x000000070dd00000|100%| E|CS|TAMS 0x000000070dc00000, 0x000000070dc00000| Complete 
| 187|0x000000070dd00000, 0x000000070de00000, 0x000000070de00000|100%| E|CS|TAMS 0x000000070dd00000, 0x000000070dd00000| Complete 
| 188|0x000000070de00000, 0x000000070df00000, 0x000000070df00000|100%| E|CS|TAMS 0x000000070de00000, 0x000000070de00000| Complete 
| 189|0x000000070df00000, 0x000000070e000000, 0x000000070e000000|100%| E|CS|TAMS 0x000000070df00000, 0x000000070df00000| Complete 
| 190|0x000000070e000000, 0x000000070e100000, 0x000000070e100000|100%| E|CS|TAMS 0x000000070e000000, 0x000000070e000000| Complete 
| 191|0x000000070e100000, 0x000000070e200000, 0x000000070e200000|100%| E|CS|TAMS 0x000000070e100000, 0x000000070e100000| Complete 
| 192|0x000000070e200000, 0x000000070e300000, 0x000000070e300000|100%| E|CS|TAMS 0x000000070e200000, 0x000000070e200000| Complete 
| 193|0x000000070e300000, 0x000000070e400000, 0x000000070e400000|100%| E|CS|TAMS 0x000000070e300000, 0x000000070e300000| Complete 
| 194|0x000000070e400000, 0x000000070e500000, 0x000000070e500000|100%| E|CS|TAMS 0x000000070e400000, 0x000000070e400000| Complete 
| 195|0x000000070e500000, 0x000000070e600000, 0x000000070e600000|100%| E|CS|TAMS 0x000000070e500000, 0x000000070e500000| Complete 
| 196|0x000000070e600000, 0x000000070e700000, 0x000000070e700000|100%| E|CS|TAMS 0x000000070e600000, 0x000000070e600000| Complete 
| 197|0x000000070e700000, 0x000000070e800000, 0x000000070e800000|100%| E|CS|TAMS 0x000000070e700000, 0x000000070e700000| Complete 
| 198|0x000000070e800000, 0x000000070e900000, 0x000000070e900000|100%| E|CS|TAMS 0x000000070e800000, 0x000000070e800000| Complete 
| 199|0x000000070e900000, 0x000000070ea00000, 0x000000070ea00000|100%| E|CS|TAMS 0x000000070e900000, 0x000000070e900000| Complete 
| 200|0x000000070ea00000, 0x000000070eb00000, 0x000000070eb00000|100%| E|CS|TAMS 0x000000070ea00000, 0x000000070ea00000| Complete 
| 201|0x000000070eb00000, 0x000000070ec00000, 0x000000070ec00000|100%| E|CS|TAMS 0x000000070eb00000, 0x000000070eb00000| Complete 
| 202|0x000000070ec00000, 0x000000070ed00000, 0x000000070ed00000|100%| E|CS|TAMS 0x000000070ec00000, 0x000000070ec00000| Complete 
| 203|0x000000070ed00000, 0x000000070ee00000, 0x000000070ee00000|100%| E|CS|TAMS 0x000000070ed00000, 0x000000070ed00000| Complete 
| 204|0x000000070ee00000, 0x000000070ef00000, 0x000000070ef00000|100%| E|CS|TAMS 0x000000070ee00000, 0x000000070ee00000| Complete 
| 205|0x000000070ef00000, 0x000000070f000000, 0x000000070f000000|100%| E|CS|TAMS 0x000000070ef00000, 0x000000070ef00000| Complete 
| 206|0x000000070f000000, 0x000000070f100000, 0x000000070f100000|100%| E|CS|TAMS 0x000000070f000000, 0x000000070f000000| Complete 
| 207|0x000000070f100000, 0x000000070f200000, 0x000000070f200000|100%| E|CS|TAMS 0x000000070f100000, 0x000000070f100000| Complete 
| 208|0x000000070f200000, 0x000000070f300000, 0x000000070f300000|100%| E|CS|TAMS 0x000000070f200000, 0x000000070f200000| Complete 
| 209|0x000000070f300000, 0x000000070f400000, 0x000000070f400000|100%| E|CS|TAMS 0x000000070f300000, 0x000000070f300000| Complete 
| 210|0x000000070f400000, 0x000000070f500000, 0x000000070f500000|100%| E|CS|TAMS 0x000000070f400000, 0x000000070f400000| Complete 
| 211|0x000000070f500000, 0x000000070f600000, 0x000000070f600000|100%| E|CS|TAMS 0x000000070f500000, 0x000000070f500000| Complete 
| 212|0x000000070f600000, 0x000000070f700000, 0x000000070f700000|100%| E|CS|TAMS 0x000000070f600000, 0x000000070f600000| Complete 
| 213|0x000000070f700000, 0x000000070f800000, 0x000000070f800000|100%| E|CS|TAMS 0x000000070f700000, 0x000000070f700000| Complete 
| 214|0x000000070f800000, 0x000000070f900000, 0x000000070f900000|100%| E|CS|TAMS 0x000000070f800000, 0x000000070f800000| Complete 
| 215|0x000000070f900000, 0x000000070fa00000, 0x000000070fa00000|100%| E|CS|TAMS 0x000000070f900000, 0x000000070f900000| Complete 
| 216|0x000000070fa00000, 0x000000070fb00000, 0x000000070fb00000|100%| E|CS|TAMS 0x000000070fa00000, 0x000000070fa00000| Complete 
| 217|0x000000070fb00000, 0x000000070fc00000, 0x000000070fc00000|100%| E|CS|TAMS 0x000000070fb00000, 0x000000070fb00000| Complete 
| 218|0x000000070fc00000, 0x000000070fd00000, 0x000000070fd00000|100%| E|CS|TAMS 0x000000070fc00000, 0x000000070fc00000| Complete 
| 219|0x000000070fd00000, 0x000000070fe00000, 0x000000070fe00000|100%| E|CS|TAMS 0x000000070fd00000, 0x000000070fd00000| Complete 
| 220|0x000000070fe00000, 0x000000070ff00000, 0x000000070ff00000|100%| E|CS|TAMS 0x000000070fe00000, 0x000000070fe00000| Complete 
| 221|0x000000070ff00000, 0x0000000710000000, 0x0000000710000000|100%| E|CS|TAMS 0x000000070ff00000, 0x000000070ff00000| Complete 
| 222|0x0000000710000000, 0x0000000710100000, 0x0000000710100000|100%| E|CS|TAMS 0x0000000710000000, 0x0000000710000000| Complete 
| 223|0x0000000710100000, 0x0000000710200000, 0x0000000710200000|100%| E|CS|TAMS 0x0000000710100000, 0x0000000710100000| Complete 
| 224|0x0000000710200000, 0x0000000710300000, 0x0000000710300000|100%| E|CS|TAMS 0x0000000710200000, 0x0000000710200000| Complete 
| 225|0x0000000710300000, 0x0000000710400000, 0x0000000710400000|100%| E|CS|TAMS 0x0000000710300000, 0x0000000710300000| Complete 
| 226|0x0000000710400000, 0x0000000710500000, 0x0000000710500000|100%| E|CS|TAMS 0x0000000710400000, 0x0000000710400000| Complete 
| 227|0x0000000710500000, 0x0000000710600000, 0x0000000710600000|100%| S|CS|TAMS 0x0000000710500000, 0x0000000710500000| Complete 
| 228|0x0000000710600000, 0x0000000710700000, 0x0000000710700000|100%| S|CS|TAMS 0x0000000710600000, 0x0000000710600000| Complete 
| 229|0x0000000710700000, 0x0000000710800000, 0x0000000710800000|100%| S|CS|TAMS 0x0000000710700000, 0x0000000710700000| Complete 
| 230|0x0000000710800000, 0x0000000710900000, 0x0000000710900000|100%| E|CS|TAMS 0x0000000710800000, 0x0000000710800000| Complete 
| 231|0x0000000710900000, 0x0000000710a00000, 0x0000000710a00000|100%| E|CS|TAMS 0x0000000710900000, 0x0000000710900000| Complete 
| 232|0x0000000710a00000, 0x0000000710b00000, 0x0000000710b00000|100%| E|CS|TAMS 0x0000000710a00000, 0x0000000710a00000| Complete 
| 233|0x0000000710b00000, 0x0000000710c00000, 0x0000000710c00000|100%| E|CS|TAMS 0x0000000710b00000, 0x0000000710b00000| Complete 
| 234|0x0000000710c00000, 0x0000000710d00000, 0x0000000710d00000|100%| E|CS|TAMS 0x0000000710c00000, 0x0000000710c00000| Complete 
| 235|0x0000000710d00000, 0x0000000710e00000, 0x0000000710e00000|100%| E|CS|TAMS 0x0000000710d00000, 0x0000000710d00000| Complete 
| 236|0x0000000710e00000, 0x0000000710f00000, 0x0000000710f00000|100%| E|CS|TAMS 0x0000000710e00000, 0x0000000710e00000| Complete 
| 237|0x0000000710f00000, 0x0000000711000000, 0x0000000711000000|100%| E|CS|TAMS 0x0000000710f00000, 0x0000000710f00000| Complete 
| 238|0x0000000711000000, 0x0000000711100000, 0x0000000711100000|100%| E|CS|TAMS 0x0000000711000000, 0x0000000711000000| Complete 
| 239|0x0000000711100000, 0x0000000711200000, 0x0000000711200000|100%| E|CS|TAMS 0x0000000711100000, 0x0000000711100000| Complete 
| 240|0x0000000711200000, 0x0000000711300000, 0x0000000711300000|100%| E|CS|TAMS 0x0000000711200000, 0x0000000711200000| Complete 
| 241|0x0000000711300000, 0x0000000711400000, 0x0000000711400000|100%| E|CS|TAMS 0x0000000711300000, 0x0000000711300000| Complete 
| 242|0x0000000711400000, 0x0000000711500000, 0x0000000711500000|100%| E|CS|TAMS 0x0000000711400000, 0x0000000711400000| Complete 
| 243|0x0000000711500000, 0x0000000711600000, 0x0000000711600000|100%| E|CS|TAMS 0x0000000711500000, 0x0000000711500000| Complete 
| 244|0x0000000711600000, 0x0000000711700000, 0x0000000711700000|100%| E|CS|TAMS 0x0000000711600000, 0x0000000711600000| Complete 
| 245|0x0000000711700000, 0x0000000711800000, 0x0000000711800000|100%| E|CS|TAMS 0x0000000711700000, 0x0000000711700000| Complete 
| 246|0x0000000711800000, 0x0000000711900000, 0x0000000711900000|100%| E|CS|TAMS 0x0000000711800000, 0x0000000711800000| Complete 
| 247|0x0000000711900000, 0x0000000711a00000, 0x0000000711a00000|100%| E|CS|TAMS 0x0000000711900000, 0x0000000711900000| Complete 
| 248|0x0000000711a00000, 0x0000000711b00000, 0x0000000711b00000|100%| E|CS|TAMS 0x0000000711a00000, 0x0000000711a00000| Complete 
| 249|0x0000000711b00000, 0x0000000711c00000, 0x0000000711c00000|100%| E|CS|TAMS 0x0000000711b00000, 0x0000000711b00000| Complete 
| 250|0x0000000711c00000, 0x0000000711d00000, 0x0000000711d00000|100%| E|CS|TAMS 0x0000000711c00000, 0x0000000711c00000| Complete 
| 251|0x0000000711d00000, 0x0000000711e00000, 0x0000000711e00000|100%| E|CS|TAMS 0x0000000711d00000, 0x0000000711d00000| Complete 
| 252|0x0000000711e00000, 0x0000000711f00000, 0x0000000711f00000|100%| E|CS|TAMS 0x0000000711e00000, 0x0000000711e00000| Complete 
| 253|0x0000000711f00000, 0x0000000712000000, 0x0000000712000000|100%| E|CS|TAMS 0x0000000711f00000, 0x0000000711f00000| Complete 

Card table byte_map: [0x0000027be9dc0000,0x0000027bea5b0000] _byte_map_base: 0x0000027be65af000

Marking Bits (Prev, Next): (CMBitMap*) 0x0000027bd1cfe118, (CMBitMap*) 0x0000027bd1cfe158
 Prev Bits: [0x0000027beada0000, 0x0000027beed18000)
 Next Bits: [0x0000027beed20000, 0x0000027bf2c98000)

Polling page: 0x0000027bcfc20000

Metaspace:

Usage:
  Non-class:     17.08 MB capacity,    16.62 MB ( 97%) used,   375.57 KB (  2%) free+waste,   102.06 KB ( <1%) overhead. 
      Class:      2.91 MB capacity,     2.53 MB ( 87%) used,   335.13 KB ( 11%) free+waste,    53.06 KB (  2%) overhead. 
       Both:     19.99 MB capacity,    19.15 MB ( 96%) used,   710.70 KB (  3%) free+waste,   155.13 KB ( <1%) overhead. 

Virtual space:
  Non-class space:       18.00 MB reserved,      17.25 MB ( 96%) committed 
      Class space:        1.00 GB reserved,       3.00 MB ( <1%) committed 
             Both:        1.02 GB reserved,      20.25 MB (  2%) committed 

Chunk freelists:
   Non-Class:  42.00 KB
       Class:  0 bytes
        Both:  42.00 KB

MaxMetaspaceSize: 17179869184.00 GB
CompressedClassSpaceSize: 1.00 GB

CodeHeap 'non-profiled nmethods': size=120000Kb used=2645Kb max_used=3018Kb free=117354Kb
 bounds [0x0000027be1c60000, 0x0000027be1f60000, 0x0000027be9190000]
CodeHeap 'profiled nmethods': size=120000Kb used=8716Kb max_used=10589Kb free=111283Kb
 bounds [0x0000027bda730000, 0x0000027bdb190000, 0x0000027be1c60000]
CodeHeap 'non-nmethods': size=5760Kb used=1460Kb max_used=1533Kb free=4299Kb
 bounds [0x0000027bda190000, 0x0000027bda400000, 0x0000027bda730000]
 total_blobs=7449 nmethods=4197 adapters=689
 compilation: enabled
              stopped_count=0, restarted_count=0
 full_count=0

Compilation events (20 events):
Event: 67.560 Thread 0x0000027bf60df000 nmethod 4929 0x0000027bdaa8fc10 code [0x0000027bdaa8fdc0, 0x0000027bdaa8ffb8]
Event: 67.560 Thread 0x0000027bf60df000 4931  s!   3       java.lang.StackTraceElement::computeFormat (71 bytes)
Event: 67.560 Thread 0x0000027bf60df000 nmethod 4931 0x0000027bda8f4890 code [0x0000027bda8f4aa0, 0x0000027bda8f54e0]
Event: 67.560 Thread 0x0000027bf60df000 4932       3       java.lang.StringBuilder::append (9 bytes)
Event: 67.560 Thread 0x0000027bf60df000 nmethod 4932 0x0000027bdaae7310 code [0x0000027bdaae74e0, 0x0000027bdaae78a0]
Event: 67.560 Thread 0x0000027bf60df000 4933       3       sun.nio.cs.StreamEncoder::ensureOpen (18 bytes)
Event: 67.560 Thread 0x0000027bf60df000 nmethod 4933 0x0000027bdab3b610 code [0x0000027bdab3b7c0, 0x0000027bdab3ba50]
Event: 67.561 Thread 0x0000027bf60df000 4934       3       java.nio.CharBuffer::limit (6 bytes)
Event: 67.561 Thread 0x0000027bf60df000 nmethod 4934 0x0000027bdac86090 code [0x0000027bdac86240, 0x0000027bdac86470]
Event: 67.561 Thread 0x0000027bf60df000 4935       3       java.nio.CharBuffer::limit (8 bytes)
Event: 67.561 Thread 0x0000027bf60df000 nmethod 4935 0x0000027bdad2d610 code [0x0000027bdad2d7c0, 0x0000027bdad2d990]
Event: 67.561 Thread 0x0000027bf60df000 4936       3       java.nio.Buffer::flip (20 bytes)
Event: 67.561 Thread 0x0000027bf60df000 nmethod 4936 0x0000027bdad2d210 code [0x0000027bdad2d3a0, 0x0000027bdad2d538]
Event: 67.561 Thread 0x0000027bf60df000 4937   !   3       java.io.BufferedWriter::flushBuffer (53 bytes)
Event: 67.561 Thread 0x0000027bf60df000 nmethod 4937 0x0000027bda9e4290 code [0x0000027bda9e4480, 0x0000027bda9e4b00]
Event: 68.088 Thread 0x0000027bf60b9800 4938       4       javafx.scene.input.MouseEvent::<init> (208 bytes)
Event: 68.098 Thread 0x0000027bf60b9800 nmethod 4938 0x0000027be1dfed10 code [0x0000027be1dfef00, 0x0000027be1dffb08]
Event: 68.261 Thread 0x0000027bf60b9800 4939       4       javafx.scene.input.MouseEvent::<init> (45 bytes)
Event: 68.262 Thread 0x0000027bf60b9800 nmethod 4939 0x0000027be1cda590 code [0x0000027be1cda720, 0x0000027be1cda8c8]
Event: 69.605 Thread 0x0000027bf60b9800 4940       4       jdk.internal.org.objectweb.asm.ByteVector::put122 (93 bytes)

GC Heap History (2 events):
Event: 0.804 GC heap before
{Heap before GC invocations=0 (full 0):
 garbage-first heap   total 260096K, used 23552K [0x0000000702200000, 0x0000000800000000)
  region size 1024K, 24 young (24576K), 0 survivors (0K)
 Metaspace       used 7851K, capacity 8877K, committed 9088K, reserved 1056768K
  class space    used 943K, capacity 1097K, committed 1152K, reserved 1048576K
}
Event: 0.808 GC heap after
{Heap after GC invocations=1 (full 0):
 garbage-first heap   total 260096K, used 4072K [0x0000000702200000, 0x0000000800000000)
  region size 1024K, 3 young (3072K), 3 survivors (3072K)
 Metaspace       used 7851K, capacity 8877K, committed 9088K, reserved 1056768K
  class space    used 943K, capacity 1097K, committed 1152K, reserved 1048576K
}

Deoptimization events (20 events):
Event: 63.055 Thread 0x0000027bf73d6000 Uncommon trap: trap_request=0xffffff45 fr.pc=0x0000027be1e4e7d4 relative=0x0000000000000134
Event: 63.055 Thread 0x0000027bf73d6000 Uncommon trap: reason=unstable_if action=reinterpret pc=0x0000027be1e4e7d4 method=com.sun.javafx.text.TextRun.getPosX(I)F @ 75 c2
Event: 63.055 Thread 0x0000027bf73d6000 DEOPT PACKING pc=0x0000027be1e4e7d4 sp=0x000000d7111f9540
Event: 63.055 Thread 0x0000027bf73d6000 DEOPT UNPACKING pc=0x0000027bda1d912f sp=0x000000d7111f94d8 mode 2
Event: 64.506 Thread 0x0000027bf73d6000 Uncommon trap: trap_request=0xffffff45 fr.pc=0x0000027be1e092c4 relative=0x0000000000000584
Event: 64.506 Thread 0x0000027bf73d6000 Uncommon trap: reason=unstable_if action=reinterpret pc=0x0000027be1e092c4 method=com.sun.javafx.binding.ExpressionHelper$Generic.removeListener(Ljavafx/beans/value/ChangeListener;)Lcom/sun/javafx/binding/ExpressionHelper; @ 82 c2
Event: 64.506 Thread 0x0000027bf73d6000 DEOPT PACKING pc=0x0000027be1e092c4 sp=0x000000d7111f98a0
Event: 64.506 Thread 0x0000027bf73d6000 DEOPT UNPACKING pc=0x0000027bda1d912f sp=0x000000d7111f9850 mode 2
Event: 65.400 Thread 0x0000027bf73d6000 Uncommon trap: trap_request=0xffffff45 fr.pc=0x0000027be1e5adc8 relative=0x0000000000001828
Event: 65.400 Thread 0x0000027bf73d6000 Uncommon trap: reason=unstable_if action=reinterpret pc=0x0000027be1e5adc8 method=javafx.scene.Node.reapplyCss()V @ 46 c2
Event: 65.400 Thread 0x0000027bf73d6000 DEOPT PACKING pc=0x0000027be1e5adc8 sp=0x000000d7111f9da0
Event: 65.400 Thread 0x0000027bf73d6000 DEOPT UNPACKING pc=0x0000027bda1d912f sp=0x000000d7111f9d10 mode 2
Event: 69.605 Thread 0x0000027bf765e800 Uncommon trap: trap_request=0xffffff45 fr.pc=0x0000027be1f0ed68 relative=0x0000000000000148
Event: 69.606 Thread 0x0000027bf765e800 Uncommon trap: reason=unstable_if action=reinterpret pc=0x0000027be1f0ed68 method=java.util.concurrent.locks.ReentrantLock$Sync.nonfairTryAcquire(I)Z @ 10 c2
Event: 69.606 Thread 0x0000027bf765e800 DEOPT PACKING pc=0x0000027be1f0ed68 sp=0x000000d70f7feb20
Event: 69.606 Thread 0x0000027bf765e800 DEOPT UNPACKING pc=0x0000027bda1d912f sp=0x000000d70f7fea60 mode 2
Event: 69.606 Thread 0x0000027bf765e800 Uncommon trap: trap_request=0xffffff45 fr.pc=0x0000027be1c7bde8 relative=0x0000000000000148
Event: 69.606 Thread 0x0000027bf765e800 Uncommon trap: reason=unstable_if action=reinterpret pc=0x0000027be1c7bde8 method=java.util.concurrent.locks.ReentrantLock$Sync.tryRelease(I)Z @ 28 c2
Event: 69.606 Thread 0x0000027bf765e800 DEOPT PACKING pc=0x0000027be1c7bde8 sp=0x000000d70f7feba0
Event: 69.606 Thread 0x0000027bf765e800 DEOPT UNPACKING pc=0x0000027bda1d912f sp=0x000000d70f7fea78 mode 2

Classes unloaded (0 events):
No events

Classes redefined (0 events):
No events

Internal exceptions (20 events):
Event: 1.307 Thread 0x0000027bf73d6000 Exception <a 'java/lang/NoSuchMethodError'{0x0000000710419340}: 'long java.lang.invoke.DirectMethodHandle$Holder.invokeStaticInit(java.lang.Object, java.lang.Object, java.lang.Object)'> (0x0000000710419340) 
thrown [t:/workspace/open/src/hotspot/share/interpreter/linkResolver.cpp, line 767]
Event: 1.309 Thread 0x0000027bf73d6000 Exception <a 'java/lang/NoSuchMethodError'{0x000000071042d968}: 'java.lang.Object java.lang.invoke.Invokers$Holder.linkToTargetMethod(java.lang.Object, long, java.lang.Object)'> (0x000000071042d968) 
thrown [t:/workspace/open/src/hotspot/share/interpreter/linkResolver.cpp, line 767]
Event: 11.239 Thread 0x0000027bf73d6000 Exception <a 'java/lang/NoSuchMethodError'{0x000000070f1036b8}: 'int java.lang.invoke.DirectMethodHandle$Holder.invokeVirtual(java.lang.Object, java.lang.Object)'> (0x000000070f1036b8) 
thrown [t:/workspace/open/src/hotspot/share/interpreter/linkResolver.cpp, line 767]
Event: 11.240 Thread 0x0000027bf73d6000 Exception <a 'java/lang/NoSuchMethodError'{0x000000070f109050}: 'void java.lang.invoke.DirectMethodHandle$Holder.invokeVirtual(java.lang.Object, java.lang.Object, int)'> (0x000000070f109050) 
thrown [t:/workspace/open/src/hotspot/share/interpreter/linkResolver.cpp, line 767]
Event: 36.602 Thread 0x0000027bf73d6000 Exception <a 'java/lang/NoSuchMethodError'{0x000000070cc9fca8}: 'java.lang.Object java.lang.invoke.DirectMethodHandle$Holder.invokeStatic(java.lang.Object, java.lang.Object, int, int, int, int, int, java.lang.Object)'> (0x000000070cc9fca8) 
thrown [t:/workspace/open/src/hotspot/share/interpreter/linkResolver.cpp, line 767]
Event: 36.603 Thread 0x0000027bf73d6000 Exception <a 'java/lang/NoSuchMethodError'{0x000000070ccaf538}: 'java.lang.Object java.lang.invoke.DirectMethodHandle$Holder.invokeStatic(java.lang.Object, java.lang.Object, java.lang.Object, int, int, int, int, int)'> (0x000000070ccaf538) 
thrown [t:/workspace/open/src/hotspot/share/interpreter/linkResolver.cpp, line 767]
Event: 36.604 Thread 0x0000027bf73d6000 Exception <a 'java/lang/NoSuchMethodError'{0x000000070ccb5670}: 'java.lang.Object java.lang.invoke.Invokers$Holder.linkToTargetMethod(java.lang.Object, java.lang.Object, int, int, int, int, int, java.lang.Object)'> (0x000000070ccb5670) 
thrown [t:/workspace/open/src/hotspot/share/interpreter/linkResolver.cpp, line 767]
Event: 48.129 Thread 0x0000027bf73d6000 Implicit null exception at 0x0000027be1e0fc2e to 0x0000027be1e15aae
Event: 48.130 Thread 0x0000027bf73d6000 Implicit null exception at 0x0000027be1e09f16 to 0x0000027be1e0c86a
Event: 48.138 Thread 0x0000027bf73d6000 Implicit null exception at 0x0000027be1eed8d4 to 0x0000027be1eee7e4
Event: 48.138 Thread 0x0000027bf73d6000 Implicit null exception at 0x0000027be1f46c44 to 0x0000027be1f498da
Event: 48.138 Thread 0x0000027bf73d6000 Implicit null exception at 0x0000027be1efdf0e to 0x0000027be1efdf86
Event: 48.138 Thread 0x0000027bf73d6000 Implicit null exception at 0x0000027be1f27c8e to 0x0000027be1f27d06
Event: 48.138 Thread 0x0000027bf73d6000 Implicit null exception at 0x0000027be1f2808e to 0x0000027be1f28106
Event: 48.138 Thread 0x0000027bf73d6000 Implicit null exception at 0x0000027be1f2848e to 0x0000027be1f28506
Event: 48.139 Thread 0x0000027bf73d6000 Implicit null exception at 0x0000027be1f426f0 to 0x0000027be1f42742
Event: 58.875 Thread 0x0000027bf73d6000 Exception <a 'java/lang/NoSuchMethodError'{0x000000070bdb2618}: 'java.lang.Object java.lang.invoke.DirectMethodHandle$Holder.invokeSpecial(java.lang.Object, java.lang.Object, java.lang.Object, java.lang.Object, java.lang.Object, java.lang.Object, java.lang.Object, java.lang.Object, java.lang.Object)'> (0x000000070bdb2618) 
thrown [t:/workspace/open/src/hotspot/share/interpreter/linkResolver.cpp, line 767]
Event: 58.875 Thread 0x0000027bf73d6000 Exception <a 'java/lang/NoSuchMethodError'{0x000000070bdb66d8}: 'java.lang.Object java.lang.invoke.Invokers$Holder.linkToTargetMethod(java.lang.Object, java.lang.Object, java.lang.Object, java.lang.Object, java.lang.Object, java.lang.Object, java.lang.Object, java.lang.Object)'> (0x000000070bdb66d8) 
thrown [t:/workspace/open/src/hotspot/share/interpreter/linkResolver.cpp, line 767]
Event: 58.876 Thread 0x0000027bf73d6000 Implicit null exception at 0x0000027be1e9465f to 0x0000027be1e947e9
Event: 65.400 Thread 0x0000027bf73d6000 Implicit null exception at 0x0000027be1e597e7 to 0x0000027be1e5adb6

Events (20 events):
Event: 69.603 Executing VM operation: RevokeBias done
Event: 69.603 Thread 0x0000027bf765e800 Thread added: 0x0000027bf765e800
Event: 69.603 Thread 0x0000027bfee4d800 Thread added: 0x0000027bfee4d800
Event: 69.604 loading class com/sun/javafx/tk/quantum/QuantumRenderer
Event: 69.604 loading class com/sun/javafx/tk/quantum/QuantumRenderer done
Event: 69.604 Executing VM operation: RevokeBias
Event: 69.604 Executing VM operation: RevokeBias done
Event: 69.605 Executing VM operation: RevokeBias
Event: 69.605 Executing VM operation: RevokeBias done
Event: 69.605 Executing VM operation: RevokeBias
Event: 69.605 Executing VM operation: RevokeBias done
Event: 69.605 Executing VM operation: RevokeBias
Event: 69.605 Executing VM operation: RevokeBias done
Event: 69.605 Thread 0x0000027bfee4d800 Thread exited: 0x0000027bfee4d800
Event: 69.606 loading class com/sun/javafx/tk/quantum/QuantumToolkit
Event: 69.606 loading class com/sun/javafx/tk/quantum/QuantumToolkit done
Event: 69.606 loading class java/util/LinkedList$ListItr
Event: 69.606 loading class java/util/LinkedList$ListItr done
Event: 69.606 Thread 0x0000027bf765e800 Thread exited: 0x0000027bf765e800
Event: 69.606 Executing VM operation: Exit


Dynamic libraries:
0x00007ff7d8c50000 - 0x00007ff7d8c5f000 	C:\Program Files\Java\jdk-13.0.2\bin\java.exe
0x00007ff9fbb00000 - 0x00007ff9fbcf0000 	C:\WINDOWS\SYSTEM32\ntdll.dll
0x00007ff9f9bb0000 - 0x00007ff9f9c62000 	C:\WINDOWS\System32\KERNEL32.DLL
0x00007ff9f9090000 - 0x00007ff9f9333000 	C:\WINDOWS\System32\KERNELBASE.dll
0x00007ff9f8ba0000 - 0x00007ff9f8c9a000 	C:\WINDOWS\System32\ucrtbase.dll
0x00007ff9ca6b0000 - 0x00007ff9ca6c8000 	C:\Program Files\Java\jdk-13.0.2\bin\jli.dll
0x00007ff9c9720000 - 0x00007ff9c9735000 	C:\Program Files\Java\jdk-13.0.2\bin\VCRUNTIME140.dll
0x00007ff9fa2d0000 - 0x00007ff9fa373000 	C:\WINDOWS\System32\ADVAPI32.dll
0x00007ff9fa230000 - 0x00007ff9fa2ce000 	C:\WINDOWS\System32\msvcrt.dll
0x00007ff9fa4c0000 - 0x00007ff9fa557000 	C:\WINDOWS\System32\sechost.dll
0x00007ff9fa770000 - 0x00007ff9fa890000 	C:\WINDOWS\System32\RPCRT4.dll
0x00007ff9faec0000 - 0x00007ff9fb054000 	C:\WINDOWS\System32\USER32.dll
0x00007ff9f8b70000 - 0x00007ff9f8b91000 	C:\WINDOWS\System32\win32u.dll
0x00007ff9e7690000 - 0x00007ff9e7915000 	C:\WINDOWS\WinSxS\amd64_microsoft.windows.common-controls_6595b64144ccf1df_6.0.18362.720_none_e6beb5c51314836b\COMCTL32.dll
0x00007ff9fa740000 - 0x00007ff9fa766000 	C:\WINDOWS\System32\GDI32.dll
0x00007ff9f9c70000 - 0x00007ff9f9fa6000 	C:\WINDOWS\System32\combase.dll
0x00007ff9f8e40000 - 0x00007ff9f8fd4000 	C:\WINDOWS\System32\gdi32full.dll
0x00007ff9f8af0000 - 0x00007ff9f8b70000 	C:\WINDOWS\System32\bcryptPrimitives.dll
0x00007ff9f9390000 - 0x00007ff9f942e000 	C:\WINDOWS\System32\msvcp_win.dll
0x00007ff9f6870000 - 0x00007ff9f687a000 	C:\WINDOWS\SYSTEM32\VERSION.dll
0x00007ff9fb9c0000 - 0x00007ff9fb9ee000 	C:\WINDOWS\System32\IMM32.DLL
0x00007ff9aa180000 - 0x00007ff9aa21b000 	C:\Program Files\Java\jdk-13.0.2\bin\msvcp140.dll
0x00007ff95bde0000 - 0x00007ff95c93d000 	C:\Program Files\Java\jdk-13.0.2\bin\server\jvm.dll
0x00007ff9fae30000 - 0x00007ff9fae38000 	C:\WINDOWS\System32\PSAPI.DLL
0x00007ff9e5c10000 - 0x00007ff9e5c19000 	C:\WINDOWS\SYSTEM32\WSOCK32.dll
0x00007ff9fba50000 - 0x00007ff9fbabf000 	C:\WINDOWS\System32\WS2_32.dll
0x00007ff9f4ec0000 - 0x00007ff9f4ee4000 	C:\WINDOWS\SYSTEM32\WINMM.dll
0x00007ff9f4e50000 - 0x00007ff9f4e7d000 	C:\WINDOWS\SYSTEM32\winmmbase.dll
0x00007ff9f9340000 - 0x00007ff9f938a000 	C:\WINDOWS\System32\cfgmgr32.dll
0x00007ff9f89d0000 - 0x00007ff9f89e1000 	C:\WINDOWS\System32\kernel.appcore.dll
0x00007ff9e8230000 - 0x00007ff9e8240000 	C:\Program Files\Java\jdk-13.0.2\bin\verify.dll
0x00007ff9f72c0000 - 0x00007ff9f74b4000 	C:\WINDOWS\SYSTEM32\DBGHELP.DLL
0x00007ff9efa90000 - 0x00007ff9efaba000 	C:\WINDOWS\SYSTEM32\dbgcore.DLL
0x00007ff9c64c0000 - 0x00007ff9c64e6000 	C:\Program Files\Java\jdk-13.0.2\bin\java.dll
0x00007ff9f27d0000 - 0x00007ff9f27de000 	C:\Program Files\Java\jdk-13.0.2\bin\instrument.dll
0x00007ff9c2920000 - 0x00007ff9c2937000 	C:\Program Files\Java\jdk-13.0.2\bin\zip.dll
0x00007ff9e7fc0000 - 0x00007ff9e7fca000 	C:\Program Files\Java\jdk-13.0.2\bin\jimage.dll
0x00007ff9fb130000 - 0x00007ff9fb815000 	C:\WINDOWS\System32\SHELL32.dll
0x00007ff9fad80000 - 0x00007ff9fae29000 	C:\WINDOWS\System32\shcore.dll
0x00007ff9f9430000 - 0x00007ff9f9bb0000 	C:\WINDOWS\System32\windows.storage.dll
0x00007ff9f89f0000 - 0x00007ff9f8a13000 	C:\WINDOWS\System32\profapi.dll
0x00007ff9f8a40000 - 0x00007ff9f8a8a000 	C:\WINDOWS\System32\powrprof.dll
0x00007ff9f89c0000 - 0x00007ff9f89d0000 	C:\WINDOWS\System32\UMPDC.dll
0x00007ff9fad20000 - 0x00007ff9fad72000 	C:\WINDOWS\System32\shlwapi.dll
0x00007ff9f8ca0000 - 0x00007ff9f8cb7000 	C:\WINDOWS\System32\cryptsp.dll
0x00007ff9c02e0000 - 0x00007ff9c02f9000 	C:\Program Files\Java\jdk-13.0.2\bin\net.dll
0x00007ff9f0a40000 - 0x00007ff9f0b31000 	C:\WINDOWS\SYSTEM32\WINHTTP.dll
0x00007ff9f8230000 - 0x00007ff9f8297000 	C:\WINDOWS\system32\mswsock.dll
0x00007ff9c0130000 - 0x00007ff9c0143000 	C:\Program Files\Java\jdk-13.0.2\bin\nio.dll
0x00007ff9edbf0000 - 0x00007ff9edc0a000 	C:\Program Files\JetBrains\IntelliJ IDEA Community Edition 2019.3.2\bin\breakgen64.dll
0x0000027bcfc70000 - 0x0000027bcfc73000 	C:\Program Files\JetBrains\javafx-sdk-13.0.2\bin\api-ms-win-core-console-l1-1-0.dll
0x0000027bcfc80000 - 0x0000027bcfc83000 	C:\Program Files\JetBrains\javafx-sdk-13.0.2\bin\api-ms-win-core-datetime-l1-1-0.dll
0x0000027bcfc90000 - 0x0000027bcfc93000 	C:\Program Files\JetBrains\javafx-sdk-13.0.2\bin\api-ms-win-core-debug-l1-1-0.dll
0x0000027bcfca0000 - 0x0000027bcfca3000 	C:\Program Files\JetBrains\javafx-sdk-13.0.2\bin\api-ms-win-core-errorhandling-l1-1-0.dll
0x0000027bd1bc0000 - 0x0000027bd1bc4000 	C:\Program Files\JetBrains\javafx-sdk-13.0.2\bin\api-ms-win-core-file-l1-1-0.dll
0x0000027bd1bd0000 - 0x0000027bd1bd3000 	C:\Program Files\JetBrains\javafx-sdk-13.0.2\bin\api-ms-win-core-file-l1-2-0.dll
0x0000027bd1be0000 - 0x0000027bd1be3000 	C:\Program Files\JetBrains\javafx-sdk-13.0.2\bin\api-ms-win-core-file-l2-1-0.dll
0x0000027bd1bf0000 - 0x0000027bd1bf3000 	C:\Program Files\JetBrains\javafx-sdk-13.0.2\bin\api-ms-win-core-handle-l1-1-0.dll
0x0000027bd1c00000 - 0x0000027bd1c03000 	C:\Program Files\JetBrains\javafx-sdk-13.0.2\bin\api-ms-win-core-heap-l1-1-0.dll
0x0000027bd1c10000 - 0x0000027bd1c13000 	C:\Program Files\JetBrains\javafx-sdk-13.0.2\bin\api-ms-win-core-interlocked-l1-1-0.dll
0x0000027bd1c20000 - 0x0000027bd1c23000 	C:\Program Files\JetBrains\javafx-sdk-13.0.2\bin\api-ms-win-core-libraryloader-l1-1-0.dll
0x0000027bd1c30000 - 0x0000027bd1c33000 	C:\Program Files\JetBrains\javafx-sdk-13.0.2\bin\api-ms-win-core-localization-l1-2-0.dll
0x0000027bd1c40000 - 0x0000027bd1c43000 	C:\Program Files\JetBrains\javafx-sdk-13.0.2\bin\api-ms-win-core-memory-l1-1-0.dll
0x0000027bd1c50000 - 0x0000027bd1c53000 	C:\Program Files\JetBrains\javafx-sdk-13.0.2\bin\api-ms-win-core-namedpipe-l1-1-0.dll
0x0000027bf7d00000 - 0x0000027bf7d03000 	C:\Program Files\JetBrains\javafx-sdk-13.0.2\bin\api-ms-win-core-processenvironment-l1-1-0.dll
0x0000027bf7d10000 - 0x0000027bf7d13000 	C:\Program Files\JetBrains\javafx-sdk-13.0.2\bin\api-ms-win-core-processthreads-l1-1-0.dll
0x0000027bf7d20000 - 0x0000027bf7d23000 	C:\Program Files\JetBrains\javafx-sdk-13.0.2\bin\api-ms-win-core-processthreads-l1-1-1.dll
0x0000027bf7d30000 - 0x0000027bf7d33000 	C:\Program Files\JetBrains\javafx-sdk-13.0.2\bin\api-ms-win-core-profile-l1-1-0.dll
0x0000027bf7d40000 - 0x0000027bf7d43000 	C:\Program Files\JetBrains\javafx-sdk-13.0.2\bin\api-ms-win-core-rtlsupport-l1-1-0.dll
0x0000027bf7d50000 - 0x0000027bf7d53000 	C:\Program Files\JetBrains\javafx-sdk-13.0.2\bin\api-ms-win-core-string-l1-1-0.dll
0x0000027bf7d60000 - 0x0000027bf7d63000 	C:\Program Files\JetBrains\javafx-sdk-13.0.2\bin\api-ms-win-core-synch-l1-1-0.dll
0x0000027bf7d70000 - 0x0000027bf7d73000 	C:\Program Files\JetBrains\javafx-sdk-13.0.2\bin\api-ms-win-core-synch-l1-2-0.dll
0x0000027bf7d80000 - 0x0000027bf7d83000 	C:\Program Files\JetBrains\javafx-sdk-13.0.2\bin\api-ms-win-core-sysinfo-l1-1-0.dll
0x0000027bf7d90000 - 0x0000027bf7d93000 	C:\Program Files\JetBrains\javafx-sdk-13.0.2\bin\api-ms-win-core-timezone-l1-1-0.dll
0x0000027bf7da0000 - 0x0000027bf7da3000 	C:\Program Files\JetBrains\javafx-sdk-13.0.2\bin\api-ms-win-core-util-l1-1-0.dll
0x0000027bf7db0000 - 0x0000027bf7db3000 	C:\Program Files\JetBrains\javafx-sdk-13.0.2\bin\api-ms-win-crt-conio-l1-1-0.dll
0x0000027bf8170000 - 0x0000027bf8174000 	C:\Program Files\JetBrains\javafx-sdk-13.0.2\bin\api-ms-win-crt-convert-l1-1-0.dll
0x0000027bf8180000 - 0x0000027bf8183000 	C:\Program Files\JetBrains\javafx-sdk-13.0.2\bin\api-ms-win-crt-environment-l1-1-0.dll
0x0000027bf8190000 - 0x0000027bf8193000 	C:\Program Files\JetBrains\javafx-sdk-13.0.2\bin\api-ms-win-crt-filesystem-l1-1-0.dll
0x0000027bf81a0000 - 0x0000027bf81a3000 	C:\Program Files\JetBrains\javafx-sdk-13.0.2\bin\api-ms-win-crt-heap-l1-1-0.dll
0x0000027bf81b0000 - 0x0000027bf81b3000 	C:\Program Files\JetBrains\javafx-sdk-13.0.2\bin\api-ms-win-crt-locale-l1-1-0.dll
0x0000027bf81c0000 - 0x0000027bf81c5000 	C:\Program Files\JetBrains\javafx-sdk-13.0.2\bin\api-ms-win-crt-math-l1-1-0.dll
0x0000027bf7dc0000 - 0x0000027bf7dc5000 	C:\Program Files\JetBrains\javafx-sdk-13.0.2\bin\api-ms-win-crt-multibyte-l1-1-0.dll
0x0000027bf7dd0000 - 0x0000027bf7de0000 	C:\Program Files\JetBrains\javafx-sdk-13.0.2\bin\api-ms-win-crt-private-l1-1-0.dll
0x0000027bf7de0000 - 0x0000027bf7de3000 	C:\Program Files\JetBrains\javafx-sdk-13.0.2\bin\api-ms-win-crt-process-l1-1-0.dll
0x0000027bf7df0000 - 0x0000027bf7df4000 	C:\Program Files\JetBrains\javafx-sdk-13.0.2\bin\api-ms-win-crt-runtime-l1-1-0.dll
0x0000027bf7e00000 - 0x0000027bf7e04000 	C:\Program Files\JetBrains\javafx-sdk-13.0.2\bin\api-ms-win-crt-stdio-l1-1-0.dll
0x0000027bf7e10000 - 0x0000027bf7e14000 	C:\Program Files\JetBrains\javafx-sdk-13.0.2\bin\api-ms-win-crt-string-l1-1-0.dll
0x0000027bf7e20000 - 0x0000027bf7e23000 	C:\Program Files\JetBrains\javafx-sdk-13.0.2\bin\api-ms-win-crt-time-l1-1-0.dll
0x0000027bf7e30000 - 0x0000027bf7e33000 	C:\Program Files\JetBrains\javafx-sdk-13.0.2\bin\api-ms-win-crt-utility-l1-1-0.dll
0x00007ff9b2b60000 - 0x00007ff9b2c5c000 	C:\Program Files\JetBrains\javafx-sdk-13.0.2\bin\ucrtbase.dll
0x00007ff9e88f0000 - 0x00007ff9e8905000 	C:\Program Files\JetBrains\javafx-sdk-13.0.2\bin\vcruntime140.dll
0x00007ff9aca90000 - 0x00007ff9acb2b000 	C:\Program Files\JetBrains\javafx-sdk-13.0.2\bin\msvcp140.dll
0x00007ff9b58b0000 - 0x00007ff9b5901000 	C:\Program Files\JetBrains\javafx-sdk-13.0.2\bin\concrt140.dll
0x00007ff9e7fe0000 - 0x00007ff9e8003000 	C:\Program Files\JetBrains\javafx-sdk-13.0.2\bin\prism_d3d.dll
0x00007ff9db070000 - 0x00007ff9db237000 	C:\WINDOWS\system32\d3d9.dll
0x00007ff9f6d90000 - 0x00007ff9f6dbd000 	C:\WINDOWS\SYSTEM32\dwmapi.dll
0x00007ff9f7610000 - 0x00007ff9f7630000 	C:\WINDOWS\SYSTEM32\dxcore.dll
0x00007ff9f6970000 - 0x00007ff9f6a09000 	C:\WINDOWS\system32\uxtheme.dll
0x00007ff99e270000 - 0x00007ff9a126d000 	C:\WINDOWS\System32\DriverStore\FileRepository\k127153.inf_amd64_3f3936d8dec668b8\igd9dxva64.dll
0x00007ff9fa560000 - 0x00007ff9fa6b7000 	C:\WINDOWS\System32\ole32.dll
0x00007ff9fb060000 - 0x00007ff9fb124000 	C:\WINDOWS\System32\OLEAUT32.dll
0x00007ff9f8cf0000 - 0x00007ff9f8e39000 	C:\WINDOWS\System32\crypt32.dll
0x00007ff9f8a20000 - 0x00007ff9f8a32000 	C:\WINDOWS\System32\MSASN1.dll
0x00007ff9f8a90000 - 0x00007ff9f8aec000 	C:\WINDOWS\System32\WINTRUST.DLL
0x00007ff9fae40000 - 0x00007ff9fae5d000 	C:\WINDOWS\System32\imagehlp.dll
0x00007ff9f7d40000 - 0x00007ff9f7d73000 	C:\WINDOWS\system32\rsaenh.dll
0x00007ff9f8cc0000 - 0x00007ff9f8ce6000 	C:\WINDOWS\System32\bcrypt.dll
0x00007ff9f8400000 - 0x00007ff9f840c000 	C:\WINDOWS\SYSTEM32\CRYPTBASE.dll
0x00007ff9b2d40000 - 0x00007ff9b2d85000 	C:\Program Files\JetBrains\javafx-sdk-13.0.2\bin\glass.dll
0x00007ff9fa160000 - 0x00007ff9fa230000 	C:\WINDOWS\System32\COMDLG32.dll
0x00007ff9fa380000 - 0x00007ff9fa4b6000 	C:\WINDOWS\System32\MSCTF.dll
0x00007ff9c7bd0000 - 0x00007ff9c7cbf000 	C:\WINDOWS\System32\DriverStore\FileRepository\nvdmi.inf_amd64_7a07bfce2e37dfbd\nvldumdx.dll
0x00007ff95a8d0000 - 0x00007ff95bdd4000 	C:\WINDOWS\System32\DriverStore\FileRepository\nvdmi.inf_amd64_7a07bfce2e37dfbd\nvd3dumx.dll
0x00007ff9a8e70000 - 0x00007ff9a9132000 	C:\WINDOWS\system32\nvspcap64.dll
0x00007ff9f7ab0000 - 0x00007ff9f7ae1000 	C:\WINDOWS\SYSTEM32\ntmarta.dll
0x00007ff9f1090000 - 0x00007ff9f10bf000 	C:\WINDOWS\SYSTEM32\cryptnet.dll
0x00007ff9f75c0000 - 0x00007ff9f75e2000 	C:\WINDOWS\SYSTEM32\gpapi.dll
0x00007ff9aa2c0000 - 0x00007ff9aa497000 	C:\WINDOWS\System32\DriverStore\FileRepository\k127153.inf_amd64_3f3936d8dec668b8\igdumdim64.dll
0x00007ff9e9a50000 - 0x00007ff9eb7e5000 	C:\WINDOWS\System32\DriverStore\FileRepository\k127153.inf_amd64_3f3936d8dec668b8\igc64.dll
0x00007ff9e88d0000 - 0x00007ff9e88e4000 	C:\Program Files\JetBrains\javafx-sdk-13.0.2\bin\javafx_font.dll
0x00007ff9c0d90000 - 0x00007ff9c108e000 	C:\WINDOWS\SYSTEM32\dwrite.dll
0x00007ff9fb890000 - 0x00007ff9fb932000 	C:\WINDOWS\System32\clbcatq.dll
0x00007ff9f2ea0000 - 0x00007ff9f304f000 	C:\WINDOWS\SYSTEM32\WindowsCodecs.dll
0x00007ff9e69e0000 - 0x00007ff9e6a1a000 	C:\WINDOWS\system32\dataexchange.dll
0x00007ff9f5e20000 - 0x00007ff9f5ffb000 	C:\WINDOWS\system32\dcomp.dll
0x00007ff9f5760000 - 0x00007ff9f59bb000 	C:\WINDOWS\system32\d3d11.dll
0x00007ff9f76a0000 - 0x00007ff9f778b000 	C:\WINDOWS\system32\dxgi.dll

dbghelp: loaded successfully - version: 4.0.5 - missing functions: none
symbol engine: initialized successfully - sym options: 0x614 - pdb path: .;C:\Program Files\Java\jdk-13.0.2\bin;C:\WINDOWS\SYSTEM32;C:\WINDOWS\WinSxS\amd64_microsoft.windows.common-controls_6595b64144ccf1df_6.0.18362.720_none_e6beb5c51314836b;C:\Program Files\Java\jdk-13.0.2\bin\server;C:\Program Files\JetBrains\IntelliJ IDEA Community Edition 2019.3.2\bin;C:\Program Files\JetBrains\javafx-sdk-13.0.2\bin;C:\WINDOWS\System32\DriverStore\FileRepository\k127153.inf_amd64_3f3936d8dec668b8;C:\WINDOWS\System32\DriverStore\FileRepository\nvdmi.inf_amd64_7a07bfce2e37dfbd;C:\Program Files\Common Files\Microsoft Shared\Ink

VM Arguments:
jvm_args: --module-path=C:\Program Files\JetBrains\javafx-sdk-13.0.2\lib --add-modules=javafx.controls,javafx.fxml --add-modules=javafx.base,javafx.graphics --add-reads=javafx.base=ALL-UNNAMED --add-reads=javafx.graphics=ALL-UNNAMED -javaagent:C:\Program Files\JetBrains\IntelliJ IDEA Community Edition 2019.3.2\lib\idea_rt.jar=60097:C:\Program Files\JetBrains\IntelliJ IDEA Community Edition 2019.3.2\bin -Dfile.encoding=UTF-8 
java_command: sample.Main
java_class_path (initial): C:\Users\mosta\IdeaProjects\RestaurantReservationSystemProject\out\production\RestaurantReservationSystemProject;C:\Program Files\JetBrains\javafx-sdk-13.0.2\lib\src.zip;C:\Program Files\JetBrains\javafx-sdk-13.0.2\lib\javafx-swt.jar;C:\Program Files\JetBrains\javafx-sdk-13.0.2\lib\javafx.web.jar;C:\Program Files\JetBrains\javafx-sdk-13.0.2\lib\javafx.base.jar;C:\Program Files\JetBrains\javafx-sdk-13.0.2\lib\javafx.fxml.jar;C:\Program Files\JetBrains\javafx-sdk-13.0.2\lib\javafx.media.jar;C:\Program Files\JetBrains\javafx-sdk-13.0.2\lib\javafx.swing.jar;C:\Program Files\JetBrains\javafx-sdk-13.0.2\lib\javafx.controls.jar;C:\Program Files\JetBrains\javafx-sdk-13.0.2\lib\javafx.graphics.jar
Launcher Type: SUN_STANDARD

[Global flags]
     intx CICompilerCount                          = 4                                         {product} {ergonomic}
     uint ConcGCThreads                            = 2                                         {product} {ergonomic}
     uint G1ConcRefinementThreads                  = 8                                         {product} {ergonomic}
   size_t G1HeapRegionSize                         = 1048576                                   {product} {ergonomic}
    uintx GCDrainStackTargetSize                   = 64                                        {product} {ergonomic}
   size_t InitialHeapSize                          = 266338304                                 {product} {ergonomic}
   size_t MarkStackSize                            = 4194304                                   {product} {ergonomic}
   size_t MaxHeapSize                              = 4259315712                                {product} {ergonomic}
   size_t MaxNewSize                               = 2555379712                                {product} {ergonomic}
   size_t MinHeapDeltaBytes                        = 1048576                                   {product} {ergonomic}
   size_t MinHeapSize                              = 8388608                                   {product} {ergonomic}
    uintx NonNMethodCodeHeapSize                   = 5839372                                {pd product} {ergonomic}
    uintx NonProfiledCodeHeapSize                  = 122909434                              {pd product} {ergonomic}
    uintx ProfiledCodeHeapSize                     = 122909434                              {pd product} {ergonomic}
    uintx ReservedCodeCacheSize                    = 251658240                              {pd product} {ergonomic}
     bool SegmentedCodeCache                       = true                                      {product} {ergonomic}
   size_t SoftMaxHeapSize                          = 4259315712                             {manageable} {ergonomic}
     bool UseCompressedClassPointers               = true                                 {lp64_product} {ergonomic}
     bool UseCompressedOops                        = true                                 {lp64_product} {ergonomic}
     bool UseG1GC                                  = true                                      {product} {ergonomic}
     bool UseLargePagesIndividualAllocation        = false                                  {pd product} {ergonomic}

Logging:
Log output configuration:
 #0: stdout all=off uptime,level,tags
 #1: stderr all=off uptime,level,tags

Environment Variables:
PATH=C:\Program Files (x86)\Common Files\Oracle\Java\javapath;C:\Windows\system32;C:\Windows;C:\Windows\System32\Wbem;C:\Windows\System32\WindowsPowerShell\v1.0\;C:\WINDOWS\system32;C:\WINDOWS;C:\WINDOWS\System32\Wbem;C:\WINDOWS\System32\WindowsPowerShell\v1.0\;C:\WINDOWS\System32\OpenSSH\;C:\Program Files\NVIDIA Corporation\NVIDIA NvDLISR;C:\Program Files\Microsoft SQL Server\Client SDK\ODBC\110\Tools\Binn\;C:\Program Files (x86)\Microsoft SQL Server\120\Tools\Binn\;C:\Program Files\Microsoft SQL Server\120\Tools\Binn\;C:\Program Files\Microsoft SQL Server\120\DTS\Binn\;C:\Program Files (x86)\Windows Kits\8.1\Windows Performance Toolkit\;C:\WINDOWS\system32;C:\WINDOWS;C:\WINDOWS\System32\Wbem;C:\WINDOWS\System32\WindowsPowerShell\v1.0\;C:\WINDOWS\System32\OpenSSH\;C:\MinGW\bin\;C:\Program Files\Git\cmd;C:\Users\mosta\AppData\Local\Microsoft\WindowsApps;
USERNAME=mosta
OS=Windows_NT
PROCESSOR_IDENTIFIER=Intel64 Family 6 Model 158 Stepping 9, GenuineIntel



---------------  S Y S T E M  ---------------

OS: Windows 10 , 64 bit Build 18362 (10.0.18362.329)

CPU:total 8 (initial active 8) (4 cores per cpu, 2 threads per core) family 6 model 158 stepping 9, cmov, cx8, fxsr, mmx, sse, sse2, sse3, ssse3, sse4.1, sse4.2, popcnt, avx, avx2, aes, clmul, erms, 3dnowpref, lzcnt, ht, tsc, tscinvbit, bmi1, bmi2, adx, fma

Memory: 4k page, system-wide physical 16245M (8778M free)
TotalPageFile size 18677M (AvailPageFile size 6374M)
current process WorkingSet (physical memory assigned to process): 213M, peak: 236M
current process commit charge ("private bytes"): 441M, peak: 469M

vm_info: Java HotSpot(TM) 64-Bit Server VM (13.0.2+8) for windows-amd64 JRE (13.0.2+8), built on Dec 11 2019 09:20:33 by "mach5one" with unknown MS VC++:1916

END.
